#
# There is insufficient memory for the Java Runtime Environment to continue.
# Native memory allocation (malloc) failed to allocate 1785776 bytes for Chunk::new
# Possible reasons:
#   The system is out of physical RAM or swap space
#   The process is running with CompressedOops enabled, and the Java Heap may be blocking the growth of the native heap
# Possible solutions:
#   Reduce memory load on the system
#   Increase physical memory or swap space
#   Check if swap backing store is full
#   Decrease Java heap size (-Xmx/-Xms)
#   Decrease number of Java threads
#   Decrease Java thread stack sizes (-Xss)
#   Set larger code cache with -XX:ReservedCodeCacheSize=
#   JVM is running with Unscaled Compressed Oops mode in which the Java heap is
#     placed in the first 4GB address space. The Java Heap base address is the
#     maximum limit for the native heap growth. Please use -XX:HeapBaseMinAddress
#     to set the Java Heap base and to place the Java Heap above 4GB virtual address.
# This output file may be truncated or incomplete.
#
#  Out of Memory Error (src/hotspot/share/memory/arena.cpp:197), pid=23024, tid=26044
#
# JRE version: OpenJDK Runtime Environment (11.0.15) (build 11.0.15+0-b2043.56-9505619)
# Java VM: OpenJDK 64-Bit Server VM (11.0.15+0-b2043.56-9505619, mixed mode, tiered, compressed oops, g1 gc, windows-amd64)
# No core dump will be written. Minidumps are not enabled by default on client versions of Windows
#

---------------  S U M M A R Y ------------

Command Line: --add-opens=java.base/java.util=ALL-UNNAMED --add-opens=java.base/java.lang=ALL-UNNAMED --add-opens=java.base/java.lang.invoke=ALL-UNNAMED --add-opens=java.base/java.util=ALL-UNNAMED --add-opens=java.prefs/java.util.prefs=ALL-UNNAMED --add-opens=java.prefs/java.util.prefs=ALL-UNNAMED --add-opens=java.base/java.nio.charset=ALL-UNNAMED --add-opens=java.base/java.net=ALL-UNNAMED --add-opens=java.base/java.util.concurrent.atomic=ALL-UNNAMED -Xmx2048m -Dfile.encoding=UTF-8 -Duser.country=US -Duser.language=en -Duser.variant org.gradle.launcher.daemon.bootstrap.GradleDaemon 7.5

Host: 11th Gen Intel(R) Core(TM) i7-1165G7 @ 2.80GHz, 8 cores, 15G,  Windows 10 , 64 bit Build 19041 (10.0.19041.2788)
Time: Mon May  1 22:26:28 2023 FLE Daylight Time elapsed time: 6603.537364 seconds (0d 1h 50m 3s)

---------------  T H R E A D  ---------------

Current thread (0x000001cf48a3c000):  JavaThread "C2 CompilerThread0" daemon [_thread_in_native, id=26044, stack(0x0000004265f00000,0x0000004266000000)]


Current CompileTask:
C2:6603537 32425   !   4       org.codehaus.groovy.runtime.metaclass.ClosureMetaClass::invokeMethod (872 bytes)

Stack: [0x0000004265f00000,0x0000004266000000]
Native frames: (J=compiled Java code, j=interpreted, Vv=VM code, C=native code)
V  [jvm.dll+0x64135a]
V  [jvm.dll+0x7d39f9]
V  [jvm.dll+0x7d51b9]
V  [jvm.dll+0x7d58a3]
V  [jvm.dll+0x2691c5]
V  [jvm.dll+0xc1a5c]
V  [jvm.dll+0xc200c]
V  [jvm.dll+0x377462]
V  [jvm.dll+0x342495]
V  [jvm.dll+0x34186a]
V  [jvm.dll+0x2214bd]
V  [jvm.dll+0x220498]
V  [jvm.dll+0x19e851]
V  [jvm.dll+0x230479]
V  [jvm.dll+0x22e5ef]
V  [jvm.dll+0x794de1]
V  [jvm.dll+0x78dc24]
V  [jvm.dll+0x6400f6]
C  [ucrtbase.dll+0x21bb2]
C  [KERNEL32.DLL+0x17604]
C  [ntdll.dll+0x526a1]


---------------  P R O C E S S  ---------------

Threads class SMR info:
_java_thread_list=0x000001cf4c3bcbd0, length=92, elements={
0x000001cf2c59b000, 0x000001cf48a30800, 0x000001cf48a1f000, 0x000001cf48a35800,
0x000001cf48a37000, 0x000001cf48a39000, 0x000001cf48a3c000, 0x000001cf48a3d800,
0x000001cf49314800, 0x000001cf49485000, 0x000001cf4b7fb000, 0x000001cf4948a800,
0x000001cf4a69a000, 0x000001cf4b935800, 0x000001cf4b936800, 0x000001cf4b937000,
0x000001cf4b938000, 0x000001cf4b934800, 0x000001cf4b933000, 0x000001cf4e6aa800,
0x000001cf4e6a5000, 0x000001cf4e6a9000, 0x000001cf4e6ac000, 0x000001cf4e6a6800,
0x000001cf4e6a7800, 0x000001cf4f0e2000, 0x000001cf4f0e2800, 0x000001cf4f0e3800,
0x000001cf50984800, 0x000001cf4f0c9000, 0x000001cf4e6b2000, 0x000001cf5b514000,
0x000001cf5b512800, 0x000001cf56078800, 0x000001cf4e6b1000, 0x000001cf4e6b0800,
0x000001cf4e6ad000, 0x000001cf4e6af800, 0x000001cf5a058800, 0x000001cf50985800,
0x000001cf5097f800, 0x000001cf50983000, 0x000001cf50982000, 0x000001cf50986000,
0x000001cf50980800, 0x000001cf5098a000, 0x000001cf5098b000, 0x000001cf52b0f800,
0x000001cf52b16000, 0x000001cf52b14000, 0x000001cf52b10000, 0x000001cf52b11000,
0x000001cf52b12800, 0x000001cf52b16800, 0x000001cf52b11800, 0x000001cf52b13800,
0x000001cf52b19000, 0x000001cf52b1a000, 0x000001cf52b17800, 0x000001cf52b1d000,
0x000001cf52b1b800, 0x000001cf52b1e000, 0x000001cf52b18800, 0x000001cf52b1c800,
0x000001cf5606e800, 0x000001cf5606e000, 0x000001cf5606f800, 0x000001cf5606a000,
0x000001cf5606c000, 0x000001cf5606b800, 0x000001cf56070800, 0x000001cf5606a800,
0x000001cf56071000, 0x000001cf56072000, 0x000001cf56072800, 0x000001cf5606d000,
0x000001cf56073800, 0x000001cf56074800, 0x000001cf56075000, 0x000001cf56076000,
0x000001cf56077000, 0x000001cf56077800, 0x000001cf4f0c8000, 0x000001cf4f0c7000,
0x000001cf4f0ca800, 0x000001cf4f0c6800, 0x000001cf4f0c5800, 0x000001cf4f0c9800,
0x000001cf4f0c4800, 0x000001cf4f0ce800, 0x000001cf4f0cf800, 0x000001cf4f0d0000
}

Java Threads: ( => current thread )
  0x000001cf2c59b000 JavaThread "main" [_thread_blocked, id=25272, stack(0x0000004265300000,0x0000004265400000)]
  0x000001cf48a30800 JavaThread "Reference Handler" daemon [_thread_blocked, id=24072, stack(0x0000004265a00000,0x0000004265b00000)]
  0x000001cf48a1f000 JavaThread "Finalizer" daemon [_thread_blocked, id=21072, stack(0x0000004265b00000,0x0000004265c00000)]
  0x000001cf48a35800 JavaThread "Signal Dispatcher" daemon [_thread_blocked, id=24752, stack(0x0000004265c00000,0x0000004265d00000)]
  0x000001cf48a37000 JavaThread "Attach Listener" daemon [_thread_blocked, id=26196, stack(0x0000004265d00000,0x0000004265e00000)]
  0x000001cf48a39000 JavaThread "Service Thread" daemon [_thread_blocked, id=18256, stack(0x0000004265e00000,0x0000004265f00000)]
=>0x000001cf48a3c000 JavaThread "C2 CompilerThread0" daemon [_thread_in_native, id=26044, stack(0x0000004265f00000,0x0000004266000000)]
  0x000001cf48a3d800 JavaThread "C1 CompilerThread0" daemon [_thread_blocked, id=23812, stack(0x0000004266000000,0x0000004266100000)]
  0x000001cf49314800 JavaThread "Sweeper thread" daemon [_thread_blocked, id=23632, stack(0x0000004266100000,0x0000004266200000)]
  0x000001cf49485000 JavaThread "Common-Cleaner" daemon [_thread_blocked, id=18580, stack(0x0000004266200000,0x0000004266300000)]
  0x000001cf4b7fb000 JavaThread "Daemon health stats" [_thread_blocked, id=23288, stack(0x0000004266b00000,0x0000004266c00000)]
  0x000001cf4948a800 JavaThread "Incoming local TCP Connector on port 56483" [_thread_in_native, id=11576, stack(0x0000004266400000,0x0000004266500000)]
  0x000001cf4a69a000 JavaThread "Daemon periodic checks" [_thread_blocked, id=3256, stack(0x0000004266a00000,0x0000004266b00000)]
  0x000001cf4b935800 JavaThread "Cache worker for journal cache (C:\Users\Gabito\.gradle\caches\journal-1)" [_thread_blocked, id=15532, stack(0x0000004267400000,0x0000004267500000)]
  0x000001cf4b936800 JavaThread "File lock request listener" [_thread_in_native, id=13576, stack(0x0000004267500000,0x0000004267600000)]
  0x000001cf4b937000 JavaThread "Cache worker for file hash cache (C:\Users\Gabito\.gradle\caches\7.5\fileHashes)" [_thread_blocked, id=23628, stack(0x0000004267600000,0x0000004267700000)]
  0x000001cf4b938000 JavaThread "File watcher server" daemon [_thread_in_native, id=24196, stack(0x0000004267b00000,0x0000004267c00000)]
  0x000001cf4b934800 JavaThread "File watcher consumer" daemon [_thread_blocked, id=10980, stack(0x0000004267c00000,0x0000004267d00000)]
  0x000001cf4b933000 JavaThread "Cache worker for file content cache (C:\Users\Gabito\.gradle\caches\7.5\fileContent)" [_thread_blocked, id=17432, stack(0x0000004267f00000,0x0000004268000000)]
  0x000001cf4e6aa800 JavaThread "Cache worker for execution history cache (C:\Users\Gabito\.gradle\caches\7.5\executionHistory)" [_thread_blocked, id=26328, stack(0x0000004268200000,0x0000004268300000)]
  0x000001cf4e6a5000 JavaThread "jar transforms" [_thread_blocked, id=20732, stack(0x0000004268300000,0x0000004268400000)]
  0x000001cf4e6a9000 JavaThread "jar transforms Thread 2" [_thread_blocked, id=25104, stack(0x0000004268400000,0x0000004268500000)]
  0x000001cf4e6ac000 JavaThread "jar transforms Thread 3" [_thread_blocked, id=26228, stack(0x0000004268500000,0x0000004268600000)]
  0x000001cf4e6a6800 JavaThread "jar transforms Thread 4" [_thread_blocked, id=4568, stack(0x0000004268600000,0x0000004268700000)]
  0x000001cf4e6a7800 JavaThread "jar transforms Thread 5" [_thread_blocked, id=13872, stack(0x0000004268800000,0x0000004268900000)]
  0x000001cf4f0e2000 JavaThread "jar transforms Thread 6" [_thread_blocked, id=8944, stack(0x000000426da00000,0x000000426db00000)]
  0x000001cf4f0e2800 JavaThread "jar transforms Thread 7" [_thread_blocked, id=4584, stack(0x000000426db00000,0x000000426dc00000)]
  0x000001cf4f0e3800 JavaThread "jar transforms Thread 8" [_thread_blocked, id=24400, stack(0x000000426dc00000,0x000000426dd00000)]
  0x000001cf50984800 JavaThread "Memory manager" [_thread_blocked, id=25768, stack(0x000000426de00000,0x000000426df00000)]
  0x000001cf4f0c9000 JavaThread "Cache worker for Java compile cache (C:\Users\Gabito\.gradle\caches\7.5\javaCompile)" [_thread_blocked, id=22896, stack(0x000000426e900000,0x000000426ea00000)]
  0x000001cf4e6b2000 JavaThread "ForkJoinPool.commonPool-worker-3" daemon [_thread_blocked, id=22624, stack(0x000000426fc00000,0x000000426fd00000)]
  0x000001cf5b514000 JavaThread "ForkJoinPool.commonPool-worker-13" daemon [_thread_blocked, id=10676, stack(0x000000426fd00000,0x000000426fe00000)]
  0x000001cf5b512800 JavaThread "ForkJoinPool.commonPool-worker-15" daemon [_thread_blocked, id=18056, stack(0x000000426fe00000,0x000000426ff00000)]
  0x000001cf56078800 JavaThread "ForkJoinPool.commonPool-worker-7" daemon [_thread_blocked, id=22784, stack(0x000000426fa00000,0x000000426fb00000)]
  0x000001cf4e6b1000 JavaThread "ForkJoinPool.commonPool-worker-11" daemon [_thread_blocked, id=16456, stack(0x000000426f700000,0x000000426f800000)]
  0x000001cf4e6b0800 JavaThread "ForkJoinPool.commonPool-worker-1" daemon [_thread_blocked, id=25760, stack(0x000000426f800000,0x000000426f900000)]
  0x000001cf4e6ad000 JavaThread "Daemon Thread 17" [_thread_blocked, id=14668, stack(0x0000004265000000,0x0000004265100000)]
  0x000001cf4e6af800 JavaThread "Daemon worker Thread 17" [_thread_blocked, id=9980, stack(0x0000004266c00000,0x0000004266d00000)]
  0x000001cf5a058800 JavaThread "C2 CompilerThread1" daemon [_thread_in_vm, id=23940, stack(0x000000426d500000,0x000000426d600000)]
  0x000001cf50985800 JavaThread "included builds" [_thread_blocked, id=25888, stack(0x000000426d800000,0x000000426d900000)]
  0x000001cf5097f800 JavaThread "Handler for socket connection from /127.0.0.1:56483 to /127.0.0.1:50594" [_thread_in_native, id=12080, stack(0x0000004265100000,0x0000004265200000)]
  0x000001cf50983000 JavaThread "Cancel handler" [_thread_blocked, id=20308, stack(0x0000004265200000,0x0000004265300000)]
  0x000001cf50982000 JavaThread "Asynchronous log dispatcher for DefaultDaemonConnection: socket connection from /127.0.0.1:56483 to /127.0.0.1:50594" [_thread_blocked, id=16764, stack(0x0000004266d00000,0x0000004266e00000)]
  0x000001cf50986000 JavaThread "Stdin handler" [_thread_blocked, id=21836, stack(0x0000004266e00000,0x0000004266f00000)]
  0x000001cf50980800 JavaThread "Daemon client event forwarder" [_thread_blocked, id=1220, stack(0x0000004266f00000,0x0000004267000000)]
  0x000001cf5098a000 JavaThread "Unconstrained build operations" [_thread_blocked, id=17716, stack(0x0000004267e00000,0x0000004267f00000)]
  0x000001cf5098b000 JavaThread "Unconstrained build operations Thread 2" [_thread_blocked, id=25292, stack(0x0000004268000000,0x0000004268100000)]
  0x000001cf52b0f800 JavaThread "Unconstrained build operations Thread 3" [_thread_blocked, id=5512, stack(0x0000004268100000,0x0000004268200000)]
  0x000001cf52b16000 JavaThread "Unconstrained build operations Thread 4" [_thread_in_vm, id=8164, stack(0x0000004268700000,0x0000004268800000)]
  0x000001cf52b14000 JavaThread "Unconstrained build operations Thread 5" [_thread_blocked, id=22700, stack(0x0000004268900000,0x0000004268a00000)]
  0x000001cf52b10000 JavaThread "Unconstrained build operations Thread 6" [_thread_blocked, id=23016, stack(0x0000004268a00000,0x0000004268b00000)]
  0x000001cf52b11000 JavaThread "Unconstrained build operations Thread 7" [_thread_blocked, id=20028, stack(0x0000004268b00000,0x0000004268c00000)]
  0x000001cf52b12800 JavaThread "Unconstrained build operations Thread 8" [_thread_blocked, id=7248, stack(0x0000004268c00000,0x0000004268d00000)]
  0x000001cf52b16800 JavaThread "Unconstrained build operations Thread 9" [_thread_blocked, id=26084, stack(0x0000004268d00000,0x0000004268e00000)]
  0x000001cf52b11800 JavaThread "Unconstrained build operations Thread 10" [_thread_blocked, id=22352, stack(0x0000004268e00000,0x0000004268f00000)]
  0x000001cf52b13800 JavaThread "Unconstrained build operations Thread 11" [_thread_blocked, id=19128, stack(0x0000004268f00000,0x0000004269000000)]
  0x000001cf52b19000 JavaThread "Unconstrained build operations Thread 12" [_thread_blocked, id=15028, stack(0x0000004269000000,0x0000004269100000)]
  0x000001cf52b1a000 JavaThread "Unconstrained build operations Thread 13" [_thread_blocked, id=24632, stack(0x0000004269100000,0x0000004269200000)]
  0x000001cf52b17800 JavaThread "Unconstrained build operations Thread 15" [_thread_blocked, id=18740, stack(0x0000004269300000,0x0000004269400000)]
  0x000001cf52b1d000 JavaThread "Unconstrained build operations Thread 16" [_thread_blocked, id=25252, stack(0x0000004269400000,0x0000004269500000)]
  0x000001cf52b1b800 JavaThread "Unconstrained build operations Thread 17" [_thread_blocked, id=4616, stack(0x0000004269500000,0x0000004269600000)]
  0x000001cf52b1e000 JavaThread "Unconstrained build operations Thread 18" [_thread_blocked, id=13136, stack(0x0000004269600000,0x0000004269700000)]
  0x000001cf52b18800 JavaThread "Unconstrained build operations Thread 19" [_thread_blocked, id=13316, stack(0x0000004269700000,0x0000004269800000)]
  0x000001cf52b1c800 JavaThread "Unconstrained build operations Thread 20" [_thread_blocked, id=20936, stack(0x0000004269800000,0x0000004269900000)]
  0x000001cf5606e800 JavaThread "Unconstrained build operations Thread 21" [_thread_blocked, id=19596, stack(0x0000004269900000,0x0000004269a00000)]
  0x000001cf5606e000 JavaThread "Unconstrained build operations Thread 22" [_thread_blocked, id=21696, stack(0x0000004269a00000,0x0000004269b00000)]
  0x000001cf5606f800 JavaThread "Unconstrained build operations Thread 23" [_thread_blocked, id=19240, stack(0x0000004269b00000,0x0000004269c00000)]
  0x000001cf5606a000 JavaThread "Unconstrained build operations Thread 24" [_thread_blocked, id=25840, stack(0x0000004269c00000,0x0000004269d00000)]
  0x000001cf5606c000 JavaThread "Unconstrained build operations Thread 25" [_thread_blocked, id=26544, stack(0x0000004269d00000,0x0000004269e00000)]
  0x000001cf5606b800 JavaThread "Unconstrained build operations Thread 26" [_thread_blocked, id=19792, stack(0x0000004269e00000,0x0000004269f00000)]
  0x000001cf56070800 JavaThread "Unconstrained build operations Thread 27" [_thread_blocked, id=21792, stack(0x0000004269f00000,0x000000426a000000)]
  0x000001cf5606a800 JavaThread "Unconstrained build operations Thread 28" [_thread_blocked, id=7752, stack(0x000000426a000000,0x000000426a100000)]
  0x000001cf56071000 JavaThread "Unconstrained build operations Thread 29" [_thread_blocked, id=20724, stack(0x000000426a100000,0x000000426a200000)]
  0x000001cf56072000 JavaThread "Unconstrained build operations Thread 30" [_thread_blocked, id=9684, stack(0x000000426a200000,0x000000426a300000)]
  0x000001cf56072800 JavaThread "Unconstrained build operations Thread 31" [_thread_blocked, id=18152, stack(0x000000426a300000,0x000000426a400000)]
  0x000001cf5606d000 JavaThread "Unconstrained build operations Thread 32" [_thread_blocked, id=8328, stack(0x000000426a400000,0x000000426a500000)]
  0x000001cf56073800 JavaThread "Unconstrained build operations Thread 33" [_thread_blocked, id=22600, stack(0x000000426a500000,0x000000426a600000)]
  0x000001cf56074800 JavaThread "Unconstrained build operations Thread 34" [_thread_blocked, id=24316, stack(0x000000426a600000,0x000000426a700000)]
  0x000001cf56075000 JavaThread "Unconstrained build operations Thread 35" [_thread_blocked, id=16692, stack(0x000000426a700000,0x000000426a800000)]
  0x000001cf56076000 JavaThread "Unconstrained build operations Thread 36" [_thread_blocked, id=16740, stack(0x000000426a800000,0x000000426a900000)]
  0x000001cf56077000 JavaThread "Unconstrained build operations Thread 37" [_thread_blocked, id=21416, stack(0x000000426a900000,0x000000426aa00000)]
  0x000001cf56077800 JavaThread "Unconstrained build operations Thread 38" [_thread_blocked, id=20768, stack(0x000000426aa00000,0x000000426ab00000)]
  0x000001cf4f0c8000 JavaThread "Unconstrained build operations Thread 39" [_thread_blocked, id=6576, stack(0x000000426ab00000,0x000000426ac00000)]
  0x000001cf4f0c7000 JavaThread "Unconstrained build operations Thread 40" [_thread_blocked, id=22168, stack(0x000000426ac00000,0x000000426ad00000)]
  0x000001cf4f0ca800 JavaThread "Unconstrained build operations Thread 41" [_thread_blocked, id=17076, stack(0x000000426ad00000,0x000000426ae00000)]
  0x000001cf4f0c6800 JavaThread "Unconstrained build operations Thread 42" [_thread_blocked, id=8296, stack(0x000000426ae00000,0x000000426af00000)]
  0x000001cf4f0c5800 JavaThread "Unconstrained build operations Thread 43" [_thread_blocked, id=14364, stack(0x000000426af00000,0x000000426b000000)]
  0x000001cf4f0c9800 JavaThread "Unconstrained build operations Thread 44" [_thread_blocked, id=23136, stack(0x000000426b000000,0x000000426b100000)]
  0x000001cf4f0c4800 JavaThread "Unconstrained build operations Thread 45" [_thread_blocked, id=2892, stack(0x000000426b100000,0x000000426b200000)]
  0x000001cf4f0ce800 JavaThread "Unconstrained build operations Thread 46" [_thread_blocked, id=22000, stack(0x000000426b200000,0x000000426b300000)]
  0x000001cf4f0cf800 JavaThread "Unconstrained build operations Thread 47" [_thread_blocked, id=10560, stack(0x000000426b300000,0x000000426b400000)]
  0x000001cf4f0d0000 JavaThread "Unconstrained build operations Thread 48" [_thread_blocked, id=7508, stack(0x000000426b400000,0x000000426b500000)]

Other Threads:
  0x000001cf492c6000 VMThread "VM Thread" [stack: 0x0000004265900000,0x0000004265a00000] [id=5152]
  0x000001cf4948a000 WatcherThread [stack: 0x0000004266300000,0x0000004266400000] [id=18916]
  0x000001cf2c5b5800 GCTaskThread "GC Thread#0" [stack: 0x0000004265400000,0x0000004265500000] [id=26180]
  0x000001cf4a080000 GCTaskThread "GC Thread#1" [stack: 0x0000004266500000,0x0000004266600000] [id=18168]
  0x000001cf4a069800 GCTaskThread "GC Thread#2" [stack: 0x0000004266600000,0x0000004266700000] [id=24264]
  0x000001cf4ab5a800 GCTaskThread "GC Thread#3" [stack: 0x0000004266700000,0x0000004266800000] [id=19728]
  0x000001cf4a937800 GCTaskThread "GC Thread#4" [stack: 0x0000004266800000,0x0000004266900000] [id=404]
  0x000001cf4aa64000 GCTaskThread "GC Thread#5" [stack: 0x0000004266900000,0x0000004266a00000] [id=20804]
  0x000001cf49a98800 GCTaskThread "GC Thread#6" [stack: 0x0000004267700000,0x0000004267800000] [id=5928]
  0x000001cf4bd9b800 GCTaskThread "GC Thread#7" [stack: 0x0000004267800000,0x0000004267900000] [id=22960]
  0x000001cf2c5e5800 ConcurrentGCThread "G1 Main Marker" [stack: 0x0000004265500000,0x0000004265600000] [id=20148]
  0x000001cf2c5e7800 ConcurrentGCThread "G1 Conc#0" [stack: 0x0000004265600000,0x0000004265700000] [id=9252]
  0x000001cf49de0000 ConcurrentGCThread "G1 Conc#1" [stack: 0x0000004267900000,0x0000004267a00000] [id=22224]
  0x000001cf488f6000 ConcurrentGCThread "G1 Refine#0" [stack: 0x0000004265700000,0x0000004265800000] [id=15404]
  0x000001cf508e5800 ConcurrentGCThread "G1 Refine#1" [stack: 0x000000426df00000,0x000000426e000000] [id=20604]
  0x000001cf52def800 ConcurrentGCThread "G1 Refine#2" [stack: 0x000000426e000000,0x000000426e100000] [id=25680]
  0x000001cf54bb4800 ConcurrentGCThread "G1 Refine#3" [stack: 0x000000426e100000,0x000000426e200000] [id=16940]
  0x000001cf488f7000 ConcurrentGCThread "G1 Young RemSet Sampling" [stack: 0x0000004265800000,0x0000004265900000] [id=12368]

Threads with active compile tasks:
C2 CompilerThread0  6603552 32425   !   4       org.codehaus.groovy.runtime.metaclass.ClosureMetaClass::invokeMethod (872 bytes)

VM state:not at safepoint (normal execution)

VM Mutex/Monitor currently owned by a thread: None

OutOfMemory and StackOverflow Exception counts:
OutOfMemoryError java_heap_errors=1
StackOverflowErrors=2
LinkageErrors=287

Heap address: 0x0000000080000000, size: 2048 MB, Compressed Oops mode: 32-bit
Narrow klass base: 0x0000000000000000, Narrow klass shift: 3
Compressed class space size: 1073741824 Address: 0x0000000100000000

Heap:
 garbage-first heap   total 317440K, used 245459K [0x0000000080000000, 0x0000000100000000)
  region size 1024K, 11 young (11264K), 4 survivors (4096K)
 Metaspace       used 146363K, capacity 152524K, committed 152732K, reserved 1181696K
  class space    used 18174K, capacity 20355K, committed 20480K, reserved 1048576K
Heap Regions: E=young(eden), S=young(survivor), O=old, HS=humongous(starts), HC=humongous(continues), CS=collection set, F=free, A=archive, TAMS=top-at-mark-start (previous, next)
|   0|0x0000000080000000, 0x0000000080100000, 0x0000000080100000|100%| O|  |TAMS 0x0000000080100000, 0x0000000080000000| Complete 
|   1|0x0000000080100000, 0x0000000080200000, 0x0000000080200000|100%| O|  |TAMS 0x0000000080200000, 0x0000000080100000| Untracked 
|   2|0x0000000080200000, 0x00000000802ffff8, 0x0000000080300000| 99%| O|  |TAMS 0x00000000802ffff8, 0x0000000080200000| Untracked 
|   3|0x0000000080300000, 0x0000000080400000, 0x0000000080400000|100%|HS|  |TAMS 0x0000000080400000, 0x0000000080300000| Complete 
|   4|0x0000000080400000, 0x0000000080500000, 0x0000000080500000|100%|HC|  |TAMS 0x0000000080500000, 0x0000000080400000| Complete 
|   5|0x0000000080500000, 0x0000000080600000, 0x0000000080600000|100%|HC|  |TAMS 0x0000000080600000, 0x0000000080500000| Complete 
|   6|0x0000000080600000, 0x0000000080700000, 0x0000000080700000|100%| O|  |TAMS 0x0000000080700000, 0x0000000080600000| Untracked 
|   7|0x0000000080700000, 0x0000000080800000, 0x0000000080800000|100%| O|  |TAMS 0x0000000080800000, 0x0000000080700000| Complete 
|   8|0x0000000080800000, 0x0000000080900000, 0x0000000080900000|100%| O|  |TAMS 0x0000000080900000, 0x0000000080800000| Untracked 
|   9|0x0000000080900000, 0x00000000809ffff8, 0x0000000080a00000| 99%| O|  |TAMS 0x00000000809ffff8, 0x0000000080900000| Untracked 
|  10|0x0000000080a00000, 0x0000000080b00000, 0x0000000080b00000|100%| O|  |TAMS 0x0000000080b00000, 0x0000000080a00000| Untracked 
|  11|0x0000000080b00000, 0x0000000080c00000, 0x0000000080c00000|100%| O|  |TAMS 0x0000000080c00000, 0x0000000080b00000| Complete 
|  12|0x0000000080c00000, 0x0000000080d00000, 0x0000000080d00000|100%| O|  |TAMS 0x0000000080d00000, 0x0000000080c00000| Complete 
|  13|0x0000000080d00000, 0x0000000080e00000, 0x0000000080e00000|100%| O|  |TAMS 0x0000000080e00000, 0x0000000080d00000| Untracked 
|  14|0x0000000080e00000, 0x0000000080f00000, 0x0000000080f00000|100%| O|  |TAMS 0x0000000080f00000, 0x0000000080e00000| Complete 
|  15|0x0000000080f00000, 0x0000000081000000, 0x0000000081000000|100%| O|  |TAMS 0x0000000081000000, 0x0000000080f00000| Untracked 
|  16|0x0000000081000000, 0x0000000081100000, 0x0000000081100000|100%| O|  |TAMS 0x0000000081100000, 0x0000000081000000| Complete 
|  17|0x0000000081100000, 0x0000000081200000, 0x0000000081200000|100%|HS|  |TAMS 0x0000000081200000, 0x0000000081100000| Complete 
|  18|0x0000000081200000, 0x0000000081300000, 0x0000000081300000|100%|HS|  |TAMS 0x0000000081300000, 0x0000000081200000| Complete 
|  19|0x0000000081300000, 0x0000000081400000, 0x0000000081400000|100%| O|  |TAMS 0x0000000081400000, 0x0000000081300000| Untracked 
|  20|0x0000000081400000, 0x0000000081500000, 0x0000000081500000|100%| O|  |TAMS 0x0000000081500000, 0x0000000081400000| Untracked 
|  21|0x0000000081500000, 0x0000000081600000, 0x0000000081600000|100%| O|  |TAMS 0x0000000081600000, 0x0000000081500000| Complete 
|  22|0x0000000081600000, 0x0000000081700000, 0x0000000081700000|100%| O|  |TAMS 0x0000000081700000, 0x0000000081600000| Complete 
|  23|0x0000000081700000, 0x0000000081800000, 0x0000000081800000|100%| O|  |TAMS 0x0000000081800000, 0x0000000081700000| Complete 
|  24|0x0000000081800000, 0x0000000081900000, 0x0000000081900000|100%| O|  |TAMS 0x0000000081900000, 0x0000000081800000| Complete 
|  25|0x0000000081900000, 0x0000000081a00000, 0x0000000081a00000|100%| O|  |TAMS 0x0000000081a00000, 0x0000000081900000| Untracked 
|  26|0x0000000081a00000, 0x0000000081b00000, 0x0000000081b00000|100%| O|  |TAMS 0x0000000081b00000, 0x0000000081a00000| Untracked 
|  27|0x0000000081b00000, 0x0000000081c00000, 0x0000000081c00000|100%| O|  |TAMS 0x0000000081c00000, 0x0000000081b00000| Untracked 
|  28|0x0000000081c00000, 0x0000000081d00000, 0x0000000081d00000|100%| O|  |TAMS 0x0000000081d00000, 0x0000000081c00000| Untracked 
|  29|0x0000000081d00000, 0x0000000081e00000, 0x0000000081e00000|100%| O|  |TAMS 0x0000000081e00000, 0x0000000081d00000| Complete 
|  30|0x0000000081e00000, 0x0000000081f00000, 0x0000000081f00000|100%| O|  |TAMS 0x0000000081f00000, 0x0000000081e00000| Untracked 
|  31|0x0000000081f00000, 0x0000000082000000, 0x0000000082000000|100%| O|  |TAMS 0x0000000082000000, 0x0000000081f00000| Complete 
|  32|0x0000000082000000, 0x0000000082100000, 0x0000000082100000|100%| O|  |TAMS 0x0000000082100000, 0x0000000082000000| Complete 
|  33|0x0000000082100000, 0x0000000082200000, 0x0000000082200000|100%| O|  |TAMS 0x0000000082200000, 0x0000000082100000| Untracked 
|  34|0x0000000082200000, 0x0000000082300000, 0x0000000082300000|100%| O|  |TAMS 0x0000000082300000, 0x0000000082200000| Complete 
|  35|0x0000000082300000, 0x0000000082400000, 0x0000000082400000|100%| O|  |TAMS 0x0000000082400000, 0x0000000082300000| Untracked 
|  36|0x0000000082400000, 0x0000000082500000, 0x0000000082500000|100%| O|  |TAMS 0x0000000082500000, 0x0000000082400000| Untracked 
|  37|0x0000000082500000, 0x0000000082600000, 0x0000000082600000|100%| O|  |TAMS 0x0000000082600000, 0x0000000082500000| Untracked 
|  38|0x0000000082600000, 0x0000000082700000, 0x0000000082700000|100%| O|  |TAMS 0x0000000082700000, 0x0000000082600000| Untracked 
|  39|0x0000000082700000, 0x0000000082800000, 0x0000000082800000|100%| O|  |TAMS 0x000000008271ea00, 0x0000000082700000| Untracked 
|  40|0x0000000082800000, 0x0000000082900000, 0x0000000082900000|100%| O|  |TAMS 0x0000000082900000, 0x0000000082800000| Complete 
|  41|0x0000000082900000, 0x0000000082a00000, 0x0000000082a00000|100%| O|  |TAMS 0x0000000082a00000, 0x0000000082900000| Complete 
|  42|0x0000000082a00000, 0x0000000082b00000, 0x0000000082b00000|100%| O|  |TAMS 0x0000000082b00000, 0x0000000082a00000| Complete 
|  43|0x0000000082b00000, 0x0000000082c00000, 0x0000000082c00000|100%| O|  |TAMS 0x0000000082c00000, 0x0000000082b00000| Complete 
|  44|0x0000000082c00000, 0x0000000082d00000, 0x0000000082d00000|100%| O|  |TAMS 0x0000000082d00000, 0x0000000082c00000| Complete 
|  45|0x0000000082d00000, 0x0000000082e00000, 0x0000000082e00000|100%| O|  |TAMS 0x0000000082e00000, 0x0000000082d00000| Complete 
|  46|0x0000000082e00000, 0x0000000082f00000, 0x0000000082f00000|100%| O|  |TAMS 0x0000000082f00000, 0x0000000082e00000| Complete 
|  47|0x0000000082f00000, 0x0000000083000000, 0x0000000083000000|100%|HS|  |TAMS 0x0000000083000000, 0x0000000082f00000| Complete 
|  48|0x0000000083000000, 0x0000000083100000, 0x0000000083100000|100%|HC|  |TAMS 0x0000000083100000, 0x0000000083000000| Complete 
|  49|0x0000000083100000, 0x0000000083200000, 0x0000000083200000|100%| O|  |TAMS 0x0000000083200000, 0x0000000083100000| Complete 
|  50|0x0000000083200000, 0x0000000083300000, 0x0000000083300000|100%|HS|  |TAMS 0x0000000083300000, 0x0000000083200000| Complete 
|  51|0x0000000083300000, 0x0000000083400000, 0x0000000083400000|100%|HC|  |TAMS 0x0000000083400000, 0x0000000083300000| Complete 
|  52|0x0000000083400000, 0x0000000083500000, 0x0000000083500000|100%| O|  |TAMS 0x0000000083500000, 0x0000000083400000| Untracked 
|  53|0x0000000083500000, 0x0000000083600000, 0x0000000083600000|100%| O|  |TAMS 0x0000000083600000, 0x0000000083500000| Untracked 
|  54|0x0000000083600000, 0x0000000083700000, 0x0000000083700000|100%| O|  |TAMS 0x0000000083700000, 0x0000000083600000| Untracked 
|  55|0x0000000083700000, 0x0000000083800000, 0x0000000083800000|100%| O|  |TAMS 0x0000000083800000, 0x0000000083700000| Complete 
|  56|0x0000000083800000, 0x0000000083900000, 0x0000000083900000|100%| O|  |TAMS 0x0000000083900000, 0x0000000083800000| Complete 
|  57|0x0000000083900000, 0x0000000083a00000, 0x0000000083a00000|100%| O|  |TAMS 0x0000000083a00000, 0x0000000083900000| Complete 
|  58|0x0000000083a00000, 0x0000000083b00000, 0x0000000083b00000|100%| O|  |TAMS 0x0000000083b00000, 0x0000000083a00000| Untracked 
|  59|0x0000000083b00000, 0x0000000083c00000, 0x0000000083c00000|100%| O|  |TAMS 0x0000000083c00000, 0x0000000083b00000| Complete 
|  60|0x0000000083c00000, 0x0000000083d00000, 0x0000000083d00000|100%| O|  |TAMS 0x0000000083d00000, 0x0000000083c00000| Untracked 
|  61|0x0000000083d00000, 0x0000000083e00000, 0x0000000083e00000|100%| O|  |TAMS 0x0000000083e00000, 0x0000000083d00000| Complete 
|  62|0x0000000083e00000, 0x0000000083f00000, 0x0000000083f00000|100%| O|  |TAMS 0x0000000083f00000, 0x0000000083e00000| Complete 
|  63|0x0000000083f00000, 0x0000000084000000, 0x0000000084000000|100%| O|  |TAMS 0x0000000084000000, 0x0000000083f00000| Untracked 
|  64|0x0000000084000000, 0x0000000084100000, 0x0000000084100000|100%| O|  |TAMS 0x0000000084100000, 0x0000000084000000| Untracked 
|  65|0x0000000084100000, 0x0000000084200000, 0x0000000084200000|100%| O|  |TAMS 0x0000000084200000, 0x0000000084100000| Complete 
|  66|0x0000000084200000, 0x0000000084300000, 0x0000000084300000|100%| O|  |TAMS 0x0000000084300000, 0x0000000084200000| Untracked 
|  67|0x0000000084300000, 0x0000000084400000, 0x0000000084400000|100%| O|  |TAMS 0x0000000084400000, 0x0000000084300000| Complete 
|  68|0x0000000084400000, 0x0000000084500000, 0x0000000084500000|100%| O|  |TAMS 0x0000000084500000, 0x0000000084400000| Complete 
|  69|0x0000000084500000, 0x0000000084600000, 0x0000000084600000|100%| O|  |TAMS 0x0000000084600000, 0x0000000084500000| Complete 
|  70|0x0000000084600000, 0x0000000084700000, 0x0000000084700000|100%| O|  |TAMS 0x0000000084700000, 0x0000000084600000| Untracked 
|  71|0x0000000084700000, 0x0000000084800000, 0x0000000084800000|100%| O|  |TAMS 0x0000000084700000, 0x0000000084700000| Untracked 
|  72|0x0000000084800000, 0x0000000084900000, 0x0000000084900000|100%| O|  |TAMS 0x0000000084900000, 0x0000000084800000| Untracked 
|  73|0x0000000084900000, 0x0000000084a00000, 0x0000000084a00000|100%| O|  |TAMS 0x0000000084a00000, 0x0000000084900000| Complete 
|  74|0x0000000084a00000, 0x0000000084b00000, 0x0000000084b00000|100%| O|  |TAMS 0x0000000084b00000, 0x0000000084a00000| Complete 
|  75|0x0000000084b00000, 0x0000000084c00000, 0x0000000084c00000|100%| O|  |TAMS 0x0000000084c00000, 0x0000000084b00000| Complete 
|  76|0x0000000084c00000, 0x0000000084d00000, 0x0000000084d00000|100%| O|  |TAMS 0x0000000084d00000, 0x0000000084c00000| Complete 
|  77|0x0000000084d00000, 0x0000000084e00000, 0x0000000084e00000|100%| O|  |TAMS 0x0000000084e00000, 0x0000000084d00000| Untracked 
|  78|0x0000000084e00000, 0x0000000084f00000, 0x0000000084f00000|100%| O|  |TAMS 0x0000000084e00000, 0x0000000084e00000| Untracked 
|  79|0x0000000084f00000, 0x0000000085000000, 0x0000000085000000|100%| O|  |TAMS 0x0000000085000000, 0x0000000084f00000| Untracked 
|  80|0x0000000085000000, 0x0000000085100000, 0x0000000085100000|100%| O|  |TAMS 0x0000000085100000, 0x0000000085000000| Complete 
|  81|0x0000000085100000, 0x0000000085200000, 0x0000000085200000|100%|HS|  |TAMS 0x0000000085200000, 0x0000000085100000| Complete 
|  82|0x0000000085200000, 0x0000000085300000, 0x0000000085300000|100%|HC|  |TAMS 0x0000000085300000, 0x0000000085200000| Complete 
|  83|0x0000000085300000, 0x0000000085400000, 0x0000000085400000|100%| O|  |TAMS 0x0000000085400000, 0x0000000085300000| Untracked 
|  84|0x0000000085400000, 0x0000000085500000, 0x0000000085500000|100%| O|  |TAMS 0x0000000085500000, 0x0000000085400000| Untracked 
|  85|0x0000000085500000, 0x0000000085600000, 0x0000000085600000|100%| O|  |TAMS 0x0000000085600000, 0x0000000085500000| Complete 
|  86|0x0000000085600000, 0x0000000085700000, 0x0000000085700000|100%| O|  |TAMS 0x0000000085700000, 0x0000000085600000| Untracked 
|  87|0x0000000085700000, 0x0000000085800000, 0x0000000085800000|100%| O|  |TAMS 0x0000000085800000, 0x0000000085700000| Complete 
|  88|0x0000000085800000, 0x0000000085900000, 0x0000000085900000|100%| O|  |TAMS 0x0000000085900000, 0x0000000085800000| Untracked 
|  89|0x0000000085900000, 0x0000000085a00000, 0x0000000085a00000|100%| O|  |TAMS 0x0000000085a00000, 0x0000000085900000| Complete 
|  90|0x0000000085a00000, 0x0000000085b00000, 0x0000000085b00000|100%| O|  |TAMS 0x0000000085b00000, 0x0000000085a00000| Untracked 
|  91|0x0000000085b00000, 0x0000000085c00000, 0x0000000085c00000|100%| O|  |TAMS 0x0000000085c00000, 0x0000000085b00000| Complete 
|  92|0x0000000085c00000, 0x0000000085d00000, 0x0000000085d00000|100%|HS|  |TAMS 0x0000000085d00000, 0x0000000085c00000| Complete 
|  93|0x0000000085d00000, 0x0000000085e00000, 0x0000000085e00000|100%|HC|  |TAMS 0x0000000085e00000, 0x0000000085d00000| Complete 
|  94|0x0000000085e00000, 0x0000000085f00000, 0x0000000085f00000|100%| O|  |TAMS 0x0000000085f00000, 0x0000000085e00000| Complete 
|  95|0x0000000085f00000, 0x0000000086000000, 0x0000000086000000|100%| O|  |TAMS 0x0000000086000000, 0x0000000085f00000| Untracked 
|  96|0x0000000086000000, 0x0000000086100000, 0x0000000086100000|100%| O|  |TAMS 0x0000000086100000, 0x0000000086000000| Untracked 
|  97|0x0000000086100000, 0x0000000086200000, 0x0000000086200000|100%| O|  |TAMS 0x0000000086200000, 0x0000000086100000| Untracked 
|  98|0x0000000086200000, 0x0000000086300000, 0x0000000086300000|100%| O|  |TAMS 0x0000000086300000, 0x0000000086200000| Untracked 
|  99|0x0000000086300000, 0x0000000086400000, 0x0000000086400000|100%| O|  |TAMS 0x0000000086400000, 0x0000000086300000| Complete 
| 100|0x0000000086400000, 0x0000000086500000, 0x0000000086500000|100%| O|  |TAMS 0x0000000086500000, 0x0000000086400000| Untracked 
| 101|0x0000000086500000, 0x0000000086600000, 0x0000000086600000|100%| O|  |TAMS 0x0000000086600000, 0x0000000086500000| Complete 
| 102|0x0000000086600000, 0x0000000086700000, 0x0000000086700000|100%| O|  |TAMS 0x0000000086600000, 0x0000000086600000| Untracked 
| 103|0x0000000086700000, 0x0000000086800000, 0x0000000086800000|100%| O|  |TAMS 0x0000000086800000, 0x0000000086700000| Untracked 
| 104|0x0000000086800000, 0x0000000086900000, 0x0000000086900000|100%| O|  |TAMS 0x0000000086900000, 0x0000000086800000| Untracked 
| 105|0x0000000086900000, 0x00000000869b5000, 0x0000000086a00000| 70%| O|  |TAMS 0x0000000086900000, 0x0000000086900000| Untracked 
| 106|0x0000000086a00000, 0x0000000086b00000, 0x0000000086b00000|100%| O|  |TAMS 0x0000000086b00000, 0x0000000086a00000| Complete 
| 107|0x0000000086b00000, 0x0000000086c00000, 0x0000000086c00000|100%| O|  |TAMS 0x0000000086c00000, 0x0000000086b00000| Complete 
| 108|0x0000000086c00000, 0x0000000086d00000, 0x0000000086d00000|100%| O|  |TAMS 0x0000000086d00000, 0x0000000086c00000| Untracked 
| 109|0x0000000086d00000, 0x0000000086e00000, 0x0000000086e00000|100%| O|  |TAMS 0x0000000086e00000, 0x0000000086d00000| Complete 
| 110|0x0000000086e00000, 0x0000000086f00000, 0x0000000086f00000|100%| O|  |TAMS 0x0000000086f00000, 0x0000000086e00000| Untracked 
| 111|0x0000000086f00000, 0x0000000086f00000, 0x0000000087000000|  0%| F|  |TAMS 0x0000000086f00000, 0x0000000086f00000| Untracked 
| 112|0x0000000087000000, 0x0000000087100000, 0x0000000087100000|100%| O|  |TAMS 0x0000000087100000, 0x0000000087000000| Complete 
| 113|0x0000000087100000, 0x0000000087200000, 0x0000000087200000|100%| O|  |TAMS 0x0000000087200000, 0x0000000087100000| Complete 
| 114|0x0000000087200000, 0x0000000087300000, 0x0000000087300000|100%| O|  |TAMS 0x0000000087300000, 0x0000000087200000| Untracked 
| 115|0x0000000087300000, 0x0000000087400000, 0x0000000087400000|100%| O|  |TAMS 0x0000000087400000, 0x0000000087300000| Complete 
| 116|0x0000000087400000, 0x0000000087500000, 0x0000000087500000|100%| O|  |TAMS 0x0000000087500000, 0x0000000087400000| Complete 
| 117|0x0000000087500000, 0x0000000087500000, 0x0000000087600000|  0%| F|  |TAMS 0x0000000087500000, 0x0000000087500000| Untracked 
| 118|0x0000000087600000, 0x0000000087700000, 0x0000000087700000|100%|HS|  |TAMS 0x0000000087700000, 0x0000000087600000| Complete 
| 119|0x0000000087700000, 0x0000000087800000, 0x0000000087800000|100%|HC|  |TAMS 0x0000000087800000, 0x0000000087700000| Complete 
| 120|0x0000000087800000, 0x0000000087900000, 0x0000000087900000|100%|HC|  |TAMS 0x0000000087900000, 0x0000000087800000| Complete 
| 121|0x0000000087900000, 0x0000000087a00000, 0x0000000087a00000|100%| O|  |TAMS 0x0000000087a00000, 0x0000000087900000| Complete 
| 122|0x0000000087a00000, 0x0000000087b00000, 0x0000000087b00000|100%| O|  |TAMS 0x0000000087b00000, 0x0000000087a00000| Complete 
| 123|0x0000000087b00000, 0x0000000087c00000, 0x0000000087c00000|100%| O|  |TAMS 0x0000000087c00000, 0x0000000087b00000| Complete 
| 124|0x0000000087c00000, 0x0000000087d00000, 0x0000000087d00000|100%| O|  |TAMS 0x0000000087d00000, 0x0000000087c00000| Untracked 
| 125|0x0000000087d00000, 0x0000000087e00000, 0x0000000087e00000|100%| O|  |TAMS 0x0000000087e00000, 0x0000000087d00000| Untracked 
| 126|0x0000000087e00000, 0x0000000087e00000, 0x0000000087f00000|  0%| F|  |TAMS 0x0000000087e00000, 0x0000000087e00000| Untracked 
| 127|0x0000000087f00000, 0x0000000088000000, 0x0000000088000000|100%|HS|  |TAMS 0x0000000088000000, 0x0000000087f00000| Complete 
| 128|0x0000000088000000, 0x0000000088100000, 0x0000000088100000|100%|HC|  |TAMS 0x0000000088100000, 0x0000000088000000| Complete 
| 129|0x0000000088100000, 0x0000000088200000, 0x0000000088200000|100%| O|  |TAMS 0x0000000088200000, 0x0000000088100000| Complete 
| 130|0x0000000088200000, 0x0000000088300000, 0x0000000088300000|100%| O|  |TAMS 0x0000000088300000, 0x0000000088200000| Complete 
| 131|0x0000000088300000, 0x0000000088400000, 0x0000000088400000|100%| O|  |TAMS 0x0000000088400000, 0x0000000088300000| Complete 
| 132|0x0000000088400000, 0x0000000088500000, 0x0000000088500000|100%| O|  |TAMS 0x0000000088500000, 0x0000000088400000| Untracked 
| 133|0x0000000088500000, 0x0000000088600000, 0x0000000088600000|100%| O|  |TAMS 0x0000000088600000, 0x0000000088500000| Complete 
| 134|0x0000000088600000, 0x0000000088700000, 0x0000000088700000|100%|HS|  |TAMS 0x0000000088700000, 0x0000000088600000| Complete 
| 135|0x0000000088700000, 0x0000000088800000, 0x0000000088800000|100%|HC|  |TAMS 0x0000000088800000, 0x0000000088700000| Complete 
| 136|0x0000000088800000, 0x0000000088900000, 0x0000000088900000|100%|HC|  |TAMS 0x0000000088900000, 0x0000000088800000| Complete 
| 137|0x0000000088900000, 0x0000000088a00000, 0x0000000088a00000|100%|HS|  |TAMS 0x0000000088a00000, 0x0000000088900000| Complete 
| 138|0x0000000088a00000, 0x0000000088b00000, 0x0000000088b00000|100%|HC|  |TAMS 0x0000000088b00000, 0x0000000088a00000| Complete 
| 139|0x0000000088b00000, 0x0000000088c00000, 0x0000000088c00000|100%| O|  |TAMS 0x0000000088c00000, 0x0000000088b00000| Complete 
| 140|0x0000000088c00000, 0x0000000088c00000, 0x0000000088d00000|  0%| F|  |TAMS 0x0000000088c00000, 0x0000000088c00000| Untracked 
| 141|0x0000000088d00000, 0x0000000088d00000, 0x0000000088e00000|  0%| F|  |TAMS 0x0000000088d00000, 0x0000000088d00000| Untracked 
| 142|0x0000000088e00000, 0x0000000088f00000, 0x0000000088f00000|100%| O|  |TAMS 0x0000000088f00000, 0x0000000088e00000| Untracked 
| 143|0x0000000088f00000, 0x0000000089000000, 0x0000000089000000|100%| O|  |TAMS 0x0000000089000000, 0x0000000088f00000| Untracked 
| 144|0x0000000089000000, 0x0000000089100000, 0x0000000089100000|100%|HS|  |TAMS 0x0000000089100000, 0x0000000089000000| Complete 
| 145|0x0000000089100000, 0x0000000089200000, 0x0000000089200000|100%|HC|  |TAMS 0x0000000089200000, 0x0000000089100000| Complete 
| 146|0x0000000089200000, 0x0000000089200000, 0x0000000089300000|  0%| F|  |TAMS 0x0000000089200000, 0x0000000089200000| Untracked 
| 147|0x0000000089300000, 0x0000000089400000, 0x0000000089400000|100%|HS|  |TAMS 0x0000000089400000, 0x0000000089300000| Complete 
| 148|0x0000000089400000, 0x0000000089500000, 0x0000000089500000|100%|HC|  |TAMS 0x0000000089500000, 0x0000000089400000| Complete 
| 149|0x0000000089500000, 0x0000000089600000, 0x0000000089600000|100%|HC|  |TAMS 0x0000000089600000, 0x0000000089500000| Complete 
| 150|0x0000000089600000, 0x0000000089700000, 0x0000000089700000|100%|HC|  |TAMS 0x0000000089700000, 0x0000000089600000| Complete 
| 151|0x0000000089700000, 0x0000000089800000, 0x0000000089800000|100%|HC|  |TAMS 0x0000000089800000, 0x0000000089700000| Complete 
| 152|0x0000000089800000, 0x0000000089900000, 0x0000000089900000|100%| O|  |TAMS 0x0000000089900000, 0x0000000089800000| Complete 
| 153|0x0000000089900000, 0x0000000089a00000, 0x0000000089a00000|100%|HS|  |TAMS 0x0000000089a00000, 0x0000000089900000| Complete 
| 154|0x0000000089a00000, 0x0000000089b00000, 0x0000000089b00000|100%|HC|  |TAMS 0x0000000089b00000, 0x0000000089a00000| Complete 
| 155|0x0000000089b00000, 0x0000000089c00000, 0x0000000089c00000|100%|HC|  |TAMS 0x0000000089c00000, 0x0000000089b00000| Complete 
| 156|0x0000000089c00000, 0x0000000089d00000, 0x0000000089d00000|100%|HC|  |TAMS 0x0000000089d00000, 0x0000000089c00000| Complete 
| 157|0x0000000089d00000, 0x0000000089e00000, 0x0000000089e00000|100%|HC|  |TAMS 0x0000000089e00000, 0x0000000089d00000| Complete 
| 158|0x0000000089e00000, 0x0000000089f00000, 0x0000000089f00000|100%|HC|  |TAMS 0x0000000089f00000, 0x0000000089e00000| Complete 
| 159|0x0000000089f00000, 0x000000008a000000, 0x000000008a000000|100%|HC|  |TAMS 0x000000008a000000, 0x0000000089f00000| Complete 
| 160|0x000000008a000000, 0x000000008a100000, 0x000000008a100000|100%|HC|  |TAMS 0x000000008a100000, 0x000000008a000000| Complete 
| 161|0x000000008a100000, 0x000000008a200000, 0x000000008a200000|100%|HC|  |TAMS 0x000000008a200000, 0x000000008a100000| Complete 
| 162|0x000000008a200000, 0x000000008a300000, 0x000000008a300000|100%|HC|  |TAMS 0x000000008a300000, 0x000000008a200000| Complete 
| 163|0x000000008a300000, 0x000000008a400000, 0x000000008a400000|100%|HS|  |TAMS 0x000000008a400000, 0x000000008a300000| Complete 
| 164|0x000000008a400000, 0x000000008a500000, 0x000000008a500000|100%|HC|  |TAMS 0x000000008a500000, 0x000000008a400000| Complete 
| 165|0x000000008a500000, 0x000000008a600000, 0x000000008a600000|100%|HC|  |TAMS 0x000000008a600000, 0x000000008a500000| Complete 
| 166|0x000000008a600000, 0x000000008a700000, 0x000000008a700000|100%|HC|  |TAMS 0x000000008a700000, 0x000000008a600000| Complete 
| 167|0x000000008a700000, 0x000000008a800000, 0x000000008a800000|100%|HC|  |TAMS 0x000000008a800000, 0x000000008a700000| Complete 
| 168|0x000000008a800000, 0x000000008a900000, 0x000000008a900000|100%|HC|  |TAMS 0x000000008a900000, 0x000000008a800000| Complete 
| 169|0x000000008a900000, 0x000000008aa00000, 0x000000008aa00000|100%|HC|  |TAMS 0x000000008aa00000, 0x000000008a900000| Complete 
| 170|0x000000008aa00000, 0x000000008ab00000, 0x000000008ab00000|100%|HC|  |TAMS 0x000000008ab00000, 0x000000008aa00000| Complete 
| 171|0x000000008ab00000, 0x000000008ac00000, 0x000000008ac00000|100%|HC|  |TAMS 0x000000008ac00000, 0x000000008ab00000| Complete 
| 172|0x000000008ac00000, 0x000000008ad00000, 0x000000008ad00000|100%|HC|  |TAMS 0x000000008ad00000, 0x000000008ac00000| Complete 
| 173|0x000000008ad00000, 0x000000008ae00000, 0x000000008ae00000|100%|HS|  |TAMS 0x000000008ae00000, 0x000000008ad00000| Complete 
| 174|0x000000008ae00000, 0x000000008af00000, 0x000000008af00000|100%|HC|  |TAMS 0x000000008af00000, 0x000000008ae00000| Complete 
| 175|0x000000008af00000, 0x000000008b000000, 0x000000008b000000|100%|HC|  |TAMS 0x000000008b000000, 0x000000008af00000| Complete 
| 176|0x000000008b000000, 0x000000008b100000, 0x000000008b100000|100%|HS|  |TAMS 0x000000008b100000, 0x000000008b000000| Complete 
| 177|0x000000008b100000, 0x000000008b200000, 0x000000008b200000|100%|HC|  |TAMS 0x000000008b200000, 0x000000008b100000| Complete 
| 178|0x000000008b200000, 0x000000008b300000, 0x000000008b300000|100%|HC|  |TAMS 0x000000008b300000, 0x000000008b200000| Complete 
| 179|0x000000008b300000, 0x000000008b400000, 0x000000008b400000|100%|HS|  |TAMS 0x000000008b400000, 0x000000008b300000| Complete 
| 180|0x000000008b400000, 0x000000008b500000, 0x000000008b500000|100%|HC|  |TAMS 0x000000008b500000, 0x000000008b400000| Complete 
| 181|0x000000008b500000, 0x000000008b600000, 0x000000008b600000|100%|HC|  |TAMS 0x000000008b600000, 0x000000008b500000| Complete 
| 182|0x000000008b600000, 0x000000008b700000, 0x000000008b700000|100%|HC|  |TAMS 0x000000008b700000, 0x000000008b600000| Complete 
| 183|0x000000008b700000, 0x000000008b800000, 0x000000008b800000|100%|HC|  |TAMS 0x000000008b800000, 0x000000008b700000| Complete 
| 184|0x000000008b800000, 0x000000008b900000, 0x000000008b900000|100%|HS|  |TAMS 0x000000008b900000, 0x000000008b800000| Complete 
| 185|0x000000008b900000, 0x000000008ba00000, 0x000000008ba00000|100%|HC|  |TAMS 0x000000008ba00000, 0x000000008b900000| Complete 
| 186|0x000000008ba00000, 0x000000008bb00000, 0x000000008bb00000|100%|HC|  |TAMS 0x000000008bb00000, 0x000000008ba00000| Complete 
| 187|0x000000008bb00000, 0x000000008bc00000, 0x000000008bc00000|100%|HS|  |TAMS 0x000000008bc00000, 0x000000008bb00000| Complete 
| 188|0x000000008bc00000, 0x000000008bd00000, 0x000000008bd00000|100%|HC|  |TAMS 0x000000008bd00000, 0x000000008bc00000| Complete 
| 189|0x000000008bd00000, 0x000000008be00000, 0x000000008be00000|100%|HC|  |TAMS 0x000000008be00000, 0x000000008bd00000| Complete 
| 190|0x000000008be00000, 0x000000008bf00000, 0x000000008bf00000|100%|HS|  |TAMS 0x000000008bf00000, 0x000000008be00000| Complete 
| 191|0x000000008bf00000, 0x000000008c000000, 0x000000008c000000|100%|HC|  |TAMS 0x000000008c000000, 0x000000008bf00000| Complete 
| 192|0x000000008c000000, 0x000000008c100000, 0x000000008c100000|100%| O|  |TAMS 0x000000008c100000, 0x000000008c000000| Complete 
| 193|0x000000008c100000, 0x000000008c100000, 0x000000008c200000|  0%| F|  |TAMS 0x000000008c100000, 0x000000008c100000| Untracked 
| 194|0x000000008c200000, 0x000000008c300000, 0x000000008c300000|100%| O|  |TAMS 0x000000008c300000, 0x000000008c200000| Complete 
| 195|0x000000008c300000, 0x000000008c300000, 0x000000008c400000|  0%| F|  |TAMS 0x000000008c300000, 0x000000008c300000| Untracked 
| 196|0x000000008c400000, 0x000000008c500000, 0x000000008c500000|100%| O|  |TAMS 0x000000008c500000, 0x000000008c400000| Complete 
| 197|0x000000008c500000, 0x000000008c500000, 0x000000008c600000|  0%| F|  |TAMS 0x000000008c500000, 0x000000008c500000| Untracked 
| 198|0x000000008c600000, 0x000000008c700000, 0x000000008c700000|100%| O|  |TAMS 0x000000008c700000, 0x000000008c600000| Complete 
| 199|0x000000008c700000, 0x000000008c800000, 0x000000008c800000|100%| O|  |TAMS 0x000000008c800000, 0x000000008c700000| Complete 
| 200|0x000000008c800000, 0x000000008c900000, 0x000000008c900000|100%| O|  |TAMS 0x000000008c900000, 0x000000008c800000| Complete 
| 201|0x000000008c900000, 0x000000008ca00000, 0x000000008ca00000|100%| O|  |TAMS 0x000000008ca00000, 0x000000008c900000| Complete 
| 202|0x000000008ca00000, 0x000000008cb00000, 0x000000008cb00000|100%| O|  |TAMS 0x000000008cb00000, 0x000000008ca00000| Complete 
| 203|0x000000008cb00000, 0x000000008cc00000, 0x000000008cc00000|100%| O|  |TAMS 0x000000008cc00000, 0x000000008cb00000| Complete 
| 204|0x000000008cc00000, 0x000000008cd00000, 0x000000008cd00000|100%| O|  |TAMS 0x000000008cd00000, 0x000000008cc00000| Complete 
| 205|0x000000008cd00000, 0x000000008ce00000, 0x000000008ce00000|100%| O|  |TAMS 0x000000008ce00000, 0x000000008cd00000| Untracked 
| 206|0x000000008ce00000, 0x000000008cf00000, 0x000000008cf00000|100%| O|  |TAMS 0x000000008cf00000, 0x000000008ce00000| Complete 
| 207|0x000000008cf00000, 0x000000008d000000, 0x000000008d000000|100%| O|  |TAMS 0x000000008d000000, 0x000000008cf00000| Complete 
| 208|0x000000008d000000, 0x000000008d100000, 0x000000008d100000|100%| O|  |TAMS 0x000000008d100000, 0x000000008d000000| Complete 
| 209|0x000000008d100000, 0x000000008d200000, 0x000000008d200000|100%| O|  |TAMS 0x000000008d200000, 0x000000008d100000| Complete 
| 210|0x000000008d200000, 0x000000008d300000, 0x000000008d300000|100%| O|  |TAMS 0x000000008d300000, 0x000000008d200000| Untracked 
| 211|0x000000008d300000, 0x000000008d300000, 0x000000008d400000|  0%| F|  |TAMS 0x000000008d300000, 0x000000008d300000| Untracked 
| 212|0x000000008d400000, 0x000000008d400000, 0x000000008d500000|  0%| F|  |TAMS 0x000000008d400000, 0x000000008d400000| Untracked 
| 213|0x000000008d500000, 0x000000008d600000, 0x000000008d600000|100%| O|  |TAMS 0x000000008d600000, 0x000000008d500000| Untracked 
| 214|0x000000008d600000, 0x000000008d600000, 0x000000008d700000|  0%| F|  |TAMS 0x000000008d600000, 0x000000008d600000| Untracked 
| 215|0x000000008d700000, 0x000000008d700000, 0x000000008d800000|  0%| F|  |TAMS 0x000000008d700000, 0x000000008d700000| Untracked 
| 216|0x000000008d800000, 0x000000008d900000, 0x000000008d900000|100%| O|  |TAMS 0x000000008d900000, 0x000000008d800000| Untracked 
| 217|0x000000008d900000, 0x000000008da00000, 0x000000008da00000|100%| O|  |TAMS 0x000000008da00000, 0x000000008d900000| Complete 
| 218|0x000000008da00000, 0x000000008db00000, 0x000000008db00000|100%| O|  |TAMS 0x000000008db00000, 0x000000008da00000| Untracked 
| 219|0x000000008db00000, 0x000000008dc00000, 0x000000008dc00000|100%| O|  |TAMS 0x000000008dc00000, 0x000000008db00000| Complete 
| 220|0x000000008dc00000, 0x000000008dc00000, 0x000000008dd00000|  0%| F|  |TAMS 0x000000008dc00000, 0x000000008dc00000| Untracked 
| 221|0x000000008dd00000, 0x000000008dd00000, 0x000000008de00000|  0%| F|  |TAMS 0x000000008dd00000, 0x000000008dd00000| Untracked 
| 222|0x000000008de00000, 0x000000008de00000, 0x000000008df00000|  0%| F|  |TAMS 0x000000008de00000, 0x000000008de00000| Untracked 
| 223|0x000000008df00000, 0x000000008df00000, 0x000000008e000000|  0%| F|  |TAMS 0x000000008df00000, 0x000000008df00000| Untracked 
| 224|0x000000008e000000, 0x000000008e000000, 0x000000008e100000|  0%| F|  |TAMS 0x000000008e000000, 0x000000008e000000| Untracked 
| 225|0x000000008e100000, 0x000000008e200000, 0x000000008e200000|100%| O|  |TAMS 0x000000008e200000, 0x000000008e100000| Complete 
| 226|0x000000008e200000, 0x000000008e300000, 0x000000008e300000|100%| O|  |TAMS 0x000000008e300000, 0x000000008e200000| Untracked 
| 227|0x000000008e300000, 0x000000008e400000, 0x000000008e400000|100%| O|  |TAMS 0x000000008e400000, 0x000000008e300000| Complete 
| 228|0x000000008e400000, 0x000000008e500000, 0x000000008e500000|100%| O|  |TAMS 0x000000008e500000, 0x000000008e400000| Complete 
| 229|0x000000008e500000, 0x000000008e500000, 0x000000008e600000|  0%| F|  |TAMS 0x000000008e500000, 0x000000008e500000| Untracked 
| 230|0x000000008e600000, 0x000000008e600000, 0x000000008e700000|  0%| F|  |TAMS 0x000000008e600000, 0x000000008e600000| Untracked 
| 231|0x000000008e700000, 0x000000008e700000, 0x000000008e800000|  0%| F|  |TAMS 0x000000008e700000, 0x000000008e700000| Untracked 
| 232|0x000000008e800000, 0x000000008e800000, 0x000000008e900000|  0%| F|  |TAMS 0x000000008e800000, 0x000000008e800000| Untracked 
| 233|0x000000008e900000, 0x000000008e900000, 0x000000008ea00000|  0%| F|  |TAMS 0x000000008e900000, 0x000000008e900000| Untracked 
| 234|0x000000008ea00000, 0x000000008ea00000, 0x000000008eb00000|  0%| F|  |TAMS 0x000000008ea00000, 0x000000008ea00000| Untracked 
| 235|0x000000008eb00000, 0x000000008eb00000, 0x000000008ec00000|  0%| F|  |TAMS 0x000000008eb00000, 0x000000008eb00000| Untracked 
| 236|0x000000008ec00000, 0x000000008ec00000, 0x000000008ed00000|  0%| F|  |TAMS 0x000000008ec00000, 0x000000008ec00000| Untracked 
| 237|0x000000008ed00000, 0x000000008ed00000, 0x000000008ee00000|  0%| F|  |TAMS 0x000000008ed00000, 0x000000008ed00000| Untracked 
| 238|0x000000008ee00000, 0x000000008ee00000, 0x000000008ef00000|  0%| F|  |TAMS 0x000000008ee00000, 0x000000008ee00000| Untracked 
| 239|0x000000008ef00000, 0x000000008ef00000, 0x000000008f000000|  0%| F|  |TAMS 0x000000008ef00000, 0x000000008ef00000| Untracked 
| 240|0x000000008f000000, 0x000000008f000000, 0x000000008f100000|  0%| F|  |TAMS 0x000000008f000000, 0x000000008f000000| Untracked 
| 241|0x000000008f100000, 0x000000008f100000, 0x000000008f200000|  0%| F|  |TAMS 0x000000008f100000, 0x000000008f100000| Untracked 
| 242|0x000000008f200000, 0x000000008f200000, 0x000000008f300000|  0%| F|  |TAMS 0x000000008f200000, 0x000000008f200000| Untracked 
| 243|0x000000008f300000, 0x000000008f300000, 0x000000008f400000|  0%| F|  |TAMS 0x000000008f300000, 0x000000008f300000| Untracked 
| 244|0x000000008f400000, 0x000000008f400000, 0x000000008f500000|  0%| F|  |TAMS 0x000000008f400000, 0x000000008f400000| Untracked 
| 245|0x000000008f500000, 0x000000008f500000, 0x000000008f600000|  0%| F|  |TAMS 0x000000008f500000, 0x000000008f500000| Untracked 
| 246|0x000000008f600000, 0x000000008f600000, 0x000000008f700000|  0%| F|  |TAMS 0x000000008f600000, 0x000000008f600000| Untracked 
| 247|0x000000008f700000, 0x000000008f700000, 0x000000008f800000|  0%| F|  |TAMS 0x000000008f700000, 0x000000008f700000| Untracked 
| 248|0x000000008f800000, 0x000000008f800000, 0x000000008f900000|  0%| F|  |TAMS 0x000000008f800000, 0x000000008f800000| Untracked 
| 249|0x000000008f900000, 0x000000008f900000, 0x000000008fa00000|  0%| F|  |TAMS 0x000000008f900000, 0x000000008f900000| Untracked 
| 250|0x000000008fa00000, 0x000000008fa00000, 0x000000008fb00000|  0%| F|  |TAMS 0x000000008fa00000, 0x000000008fa00000| Untracked 
| 251|0x000000008fb00000, 0x000000008fb00000, 0x000000008fc00000|  0%| F|  |TAMS 0x000000008fb00000, 0x000000008fb00000| Untracked 
| 252|0x000000008fc00000, 0x000000008fc00000, 0x000000008fd00000|  0%| F|  |TAMS 0x000000008fc00000, 0x000000008fc00000| Untracked 
| 253|0x000000008fd00000, 0x000000008fd00000, 0x000000008fe00000|  0%| F|  |TAMS 0x000000008fd00000, 0x000000008fd00000| Untracked 
| 254|0x000000008fe00000, 0x000000008fe00000, 0x000000008ff00000|  0%| F|  |TAMS 0x000000008fe00000, 0x000000008fe00000| Untracked 
| 255|0x000000008ff00000, 0x0000000090000000, 0x0000000090000000|100%| S|CS|TAMS 0x000000008ff00000, 0x000000008ff00000| Complete 
| 256|0x0000000090000000, 0x0000000090100000, 0x0000000090100000|100%| S|CS|TAMS 0x0000000090000000, 0x0000000090000000| Complete 
| 257|0x0000000090100000, 0x0000000090200000, 0x0000000090200000|100%| S|CS|TAMS 0x0000000090100000, 0x0000000090100000| Complete 
| 258|0x0000000090200000, 0x0000000090300000, 0x0000000090300000|100%| S|CS|TAMS 0x0000000090200000, 0x0000000090200000| Complete 
| 259|0x0000000090300000, 0x0000000090300000, 0x0000000090400000|  0%| F|  |TAMS 0x0000000090300000, 0x0000000090300000| Untracked 
| 260|0x0000000090400000, 0x0000000090400000, 0x0000000090500000|  0%| F|  |TAMS 0x0000000090400000, 0x0000000090400000| Untracked 
| 261|0x0000000090500000, 0x0000000090500000, 0x0000000090600000|  0%| F|  |TAMS 0x0000000090500000, 0x0000000090500000| Untracked 
| 262|0x0000000090600000, 0x0000000090600000, 0x0000000090700000|  0%| F|  |TAMS 0x0000000090600000, 0x0000000090600000| Untracked 
| 263|0x0000000090700000, 0x0000000090700000, 0x0000000090800000|  0%| F|  |TAMS 0x0000000090700000, 0x0000000090700000| Untracked 
| 264|0x0000000090800000, 0x0000000090800000, 0x0000000090900000|  0%| F|  |TAMS 0x0000000090800000, 0x0000000090800000| Untracked 
| 265|0x0000000090900000, 0x0000000090900000, 0x0000000090a00000|  0%| F|  |TAMS 0x0000000090900000, 0x0000000090900000| Untracked 
| 266|0x0000000090a00000, 0x0000000090a00000, 0x0000000090b00000|  0%| F|  |TAMS 0x0000000090a00000, 0x0000000090a00000| Untracked 
| 267|0x0000000090b00000, 0x0000000090b00000, 0x0000000090c00000|  0%| F|  |TAMS 0x0000000090b00000, 0x0000000090b00000| Untracked 
| 268|0x0000000090c00000, 0x0000000090c00000, 0x0000000090d00000|  0%| F|  |TAMS 0x0000000090c00000, 0x0000000090c00000| Untracked 
| 269|0x0000000090d00000, 0x0000000090d00000, 0x0000000090e00000|  0%| F|  |TAMS 0x0000000090d00000, 0x0000000090d00000| Untracked 
| 270|0x0000000090e00000, 0x0000000090f00000, 0x0000000090f00000|100%|HS|  |TAMS 0x0000000090f00000, 0x0000000090e00000| Complete 
| 271|0x0000000090f00000, 0x0000000091000000, 0x0000000091000000|100%|HC|  |TAMS 0x0000000091000000, 0x0000000090f00000| Complete 
| 272|0x0000000091000000, 0x0000000091100000, 0x0000000091100000|100%|HC|  |TAMS 0x0000000091100000, 0x0000000091000000| Complete 
| 273|0x0000000091100000, 0x0000000091200000, 0x0000000091200000|100%|HC|  |TAMS 0x0000000091200000, 0x0000000091100000| Complete 
| 274|0x0000000091200000, 0x0000000091300000, 0x0000000091300000|100%|HC|  |TAMS 0x0000000091300000, 0x0000000091200000| Complete 
| 275|0x0000000091300000, 0x0000000091400000, 0x0000000091400000|100%|HC|  |TAMS 0x0000000091400000, 0x0000000091300000| Complete 
| 276|0x0000000091400000, 0x0000000091500000, 0x0000000091500000|100%|HC|  |TAMS 0x0000000091500000, 0x0000000091400000| Complete 
| 277|0x0000000091500000, 0x0000000091600000, 0x0000000091600000|100%|HC|  |TAMS 0x0000000091600000, 0x0000000091500000| Complete 
| 278|0x0000000091600000, 0x0000000091700000, 0x0000000091700000|100%|HC|  |TAMS 0x0000000091700000, 0x0000000091600000| Complete 
| 279|0x0000000091700000, 0x0000000091800000, 0x0000000091800000|100%|HC|  |TAMS 0x0000000091800000, 0x0000000091700000| Complete 
| 280|0x0000000091800000, 0x0000000091900000, 0x0000000091900000|100%|HS|  |TAMS 0x0000000091900000, 0x0000000091800000| Complete 
| 281|0x0000000091900000, 0x0000000091a00000, 0x0000000091a00000|100%|HC|  |TAMS 0x0000000091a00000, 0x0000000091900000| Complete 
| 282|0x0000000091a00000, 0x0000000091b00000, 0x0000000091b00000|100%|HS|  |TAMS 0x0000000091b00000, 0x0000000091a00000| Complete 
| 283|0x0000000091b00000, 0x0000000091c00000, 0x0000000091c00000|100%|HC|  |TAMS 0x0000000091c00000, 0x0000000091b00000| Complete 
| 284|0x0000000091c00000, 0x0000000091d00000, 0x0000000091d00000|100%|HC|  |TAMS 0x0000000091d00000, 0x0000000091c00000| Complete 
| 285|0x0000000091d00000, 0x0000000091e00000, 0x0000000091e00000|100%|HC|  |TAMS 0x0000000091e00000, 0x0000000091d00000| Complete 
| 286|0x0000000091e00000, 0x0000000091f00000, 0x0000000091f00000|100%|HC|  |TAMS 0x0000000091f00000, 0x0000000091e00000| Complete 
| 287|0x0000000091f00000, 0x0000000091f00000, 0x0000000092000000|  0%| F|  |TAMS 0x0000000091f00000, 0x0000000091f00000| Untracked 
| 288|0x0000000092000000, 0x0000000092000000, 0x0000000092100000|  0%| F|  |TAMS 0x0000000092000000, 0x0000000092000000| Untracked 
| 289|0x0000000092100000, 0x0000000092100000, 0x0000000092200000|  0%| F|  |TAMS 0x0000000092100000, 0x0000000092100000| Untracked 
| 290|0x0000000092200000, 0x0000000092200000, 0x0000000092300000|  0%| F|  |TAMS 0x0000000092200000, 0x0000000092200000| Untracked 
| 291|0x0000000092300000, 0x0000000092300000, 0x0000000092400000|  0%| F|  |TAMS 0x0000000092300000, 0x0000000092300000| Untracked 
| 292|0x0000000092400000, 0x0000000092400000, 0x0000000092500000|  0%| F|  |TAMS 0x0000000092400000, 0x0000000092400000| Untracked 
| 293|0x0000000092500000, 0x0000000092500000, 0x0000000092600000|  0%| F|  |TAMS 0x0000000092500000, 0x0000000092500000| Untracked 
| 294|0x0000000092600000, 0x0000000092600000, 0x0000000092700000|  0%| F|  |TAMS 0x0000000092600000, 0x0000000092600000| Untracked 
| 295|0x0000000092700000, 0x0000000092700000, 0x0000000092800000|  0%| F|  |TAMS 0x0000000092700000, 0x0000000092700000| Untracked 
| 296|0x0000000092800000, 0x0000000092800000, 0x0000000092900000|  0%| F|  |TAMS 0x0000000092800000, 0x0000000092800000| Untracked 
| 297|0x0000000092900000, 0x0000000092900000, 0x0000000092a00000|  0%| F|  |TAMS 0x0000000092900000, 0x0000000092900000| Untracked 
| 298|0x0000000092a00000, 0x0000000092a00000, 0x0000000092b00000|  0%| F|  |TAMS 0x0000000092a00000, 0x0000000092a00000| Untracked 
| 299|0x0000000092b00000, 0x0000000092b00000, 0x0000000092c00000|  0%| F|  |TAMS 0x0000000092b00000, 0x0000000092b00000| Untracked 
| 300|0x0000000092c00000, 0x0000000092c89a48, 0x0000000092d00000| 53%| E|  |TAMS 0x0000000092c00000, 0x0000000092c00000| Complete 
| 301|0x0000000092d00000, 0x0000000092dfffc0, 0x0000000092e00000| 99%| E|  |TAMS 0x0000000092d00000, 0x0000000092d00000| Complete 
| 302|0x0000000092e00000, 0x0000000092f00000, 0x0000000092f00000|100%| O|  |TAMS 0x0000000092f00000, 0x0000000092e00000| Untracked 
| 303|0x0000000092f00000, 0x0000000093000000, 0x0000000093000000|100%| E|CS|TAMS 0x0000000092f00000, 0x0000000092f00000| Complete 
| 304|0x0000000093000000, 0x0000000093100000, 0x0000000093100000|100%| E|CS|TAMS 0x0000000093000000, 0x0000000093000000| Complete 
| 305|0x0000000093100000, 0x0000000093200000, 0x0000000093200000|100%| E|CS|TAMS 0x0000000093100000, 0x0000000093100000| Complete 
| 306|0x0000000093200000, 0x0000000093300000, 0x0000000093300000|100%| E|CS|TAMS 0x0000000093200000, 0x0000000093200000| Complete 
| 307|0x0000000093300000, 0x0000000093400000, 0x0000000093400000|100%| O|  |TAMS 0x0000000093400000, 0x0000000093300000| Complete 
| 308|0x0000000093400000, 0x0000000093500000, 0x0000000093500000|100%| E|CS|TAMS 0x0000000093400000, 0x0000000093400000| Complete 
| 309|0x0000000093500000, 0x0000000093600000, 0x0000000093600000|100%| O|  |TAMS 0x0000000093600000, 0x0000000093500000| Complete 

Card table byte_map: [0x000001cf41730000,0x000001cf41b30000] _byte_map_base: 0x000001cf41330000

Marking Bits (Prev, Next): (CMBitMap*) 0x000001cf2c5dcaa0, (CMBitMap*) 0x000001cf2c5dca68
 Prev Bits: [0x000001cf43f30000, 0x000001cf45f30000)
 Next Bits: [0x000001cf41f30000, 0x000001cf43f30000)

Polling page: 0x000001cf2c670000

Metaspace:

Usage:
  Non-class:    129.20 MB capacity,   125.25 MB ( 97%) used,     3.28 MB (  3%) free+waste,   675.56 KB ( <1%) overhead. 
      Class:     19.94 MB capacity,    17.76 MB ( 89%) used,     1.89 MB (  9%) free+waste,   301.38 KB (  1%) overhead. 
       Both:    149.14 MB capacity,   143.01 MB ( 96%) used,     5.17 MB (  3%) free+waste,   976.94 KB ( <1%) overhead. 

Virtual space:
  Non-class space:      130.00 MB reserved,     129.40 MB (>99%) committed 
      Class space:        1.00 GB reserved,      20.00 MB (  2%) committed 
             Both:        1.13 GB reserved,     149.40 MB ( 13%) committed 

Chunk freelists:
   Non-Class:  19.00 KB
       Class:  29.00 KB
        Both:  48.00 KB

MaxMetaspaceSize: 17179869184.00 GB
CompressedClassSpaceSize: 1.00 GB
Initial GC threshold: 20.80 MB
Current GC threshold: 247.55 MB
CDS: off

CodeHeap 'non-profiled nmethods': size=120000Kb used=25106Kb max_used=25172Kb free=94893Kb
 bounds [0x000001cf393a0000, 0x000001cf3ac40000, 0x000001cf408d0000]
CodeHeap 'profiled nmethods': size=120000Kb used=56425Kb max_used=58929Kb free=63574Kb
 bounds [0x000001cf31e70000, 0x000001cf35810000, 0x000001cf393a0000]
CodeHeap 'non-nmethods': size=5760Kb used=2509Kb max_used=2571Kb free=3250Kb
 bounds [0x000001cf318d0000, 0x000001cf31b60000, 0x000001cf31e70000]
 total_blobs=27434 nmethods=26402 adapters=941
 compilation: enabled
              stopped_count=0, restarted_count=0
 full_count=0

Compilation events (20 events):
Event: 6603.531 Thread 0x000001cf48a3d800 32491       3       org.gradle.api.JavaVersion::current (21 bytes)
Event: 6603.531 Thread 0x000001cf48a3d800 nmethod 32491 0x000001cf33912010 code [0x000001cf33912280, 0x000001cf33912b68]
Event: 6603.531 Thread 0x000001cf48a3d800 32497       3       java.util.AbstractList::indexOf (65 bytes)
Event: 6603.532 Thread 0x000001cf48a3d800 nmethod 32497 0x000001cf34af0810 code [0x000001cf34af0a60, 0x000001cf34af1398]
Event: 6603.532 Thread 0x000001cf48a3d800 32496       3       org.gradle.internal.serialize.ExceptionPlaceholder$2::transform (70 bytes)
Event: 6603.532 Thread 0x000001cf48a3d800 nmethod 32496 0x000001cf32d85e10 code [0x000001cf32d86020, 0x000001cf32d866b8]
Event: 6603.532 Thread 0x000001cf48a3d800 32492       1       java.lang.StackTraceElement::getClassLoaderName (5 bytes)
Event: 6603.532 Thread 0x000001cf48a3d800 nmethod 32492 0x000001cf3a522d90 code [0x000001cf3a522f40, 0x000001cf3a522ff8]
Event: 6603.532 Thread 0x000001cf48a3d800 32493       1       java.lang.StackTraceElement::getModuleName (5 bytes)
Event: 6603.532 Thread 0x000001cf48a3d800 nmethod 32493 0x000001cf3a522910 code [0x000001cf3a522ac0, 0x000001cf3a522b78]
Event: 6603.532 Thread 0x000001cf48a3d800 32494       1       java.lang.StackTraceElement::getModuleVersion (5 bytes)
Event: 6603.532 Thread 0x000001cf48a3d800 nmethod 32494 0x000001cf3983ed10 code [0x000001cf3983eec0, 0x000001cf3983ef78]
Event: 6603.532 Thread 0x000001cf48a3d800 32495       1       java.lang.StackTraceElement::getMethodName (5 bytes)
Event: 6603.532 Thread 0x000001cf48a3d800 nmethod 32495 0x000001cf3983ea10 code [0x000001cf3983ebc0, 0x000001cf3983ec78]
Event: 6603.532 Thread 0x000001cf48a3d800 32498   !   3       java.io.ObjectStreamClass::getDeclaredSUID (40 bytes)
Event: 6603.533 Thread 0x000001cf48a3d800 nmethod 32498 0x000001cf3323e010 code [0x000001cf3323e2a0, 0x000001cf3323eb48]
Event: 6603.533 Thread 0x000001cf48a3d800 32499       3       java.io.ObjectStreamClass::getSerialFields (59 bytes)
Event: 6603.534 Thread 0x000001cf48a3d800 nmethod 32499 0x000001cf33863010 code [0x000001cf33863360, 0x000001cf33864688]
Event: 6603.534 Thread 0x000001cf48a3d800 32500       3       java.io.ObjectStreamClass::getProtectionDomains (150 bytes)
Event: 6603.535 Thread 0x000001cf48a3d800 nmethod 32500 0x000001cf32323110 code [0x000001cf32323500, 0x000001cf323253f8]

GC Heap History (20 events):
Event: 6522.852 GC heap before
{Heap before GC invocations=161 (full 0):
 garbage-first heap   total 313344K, used 238993K [0x0000000080000000, 0x0000000100000000)
  region size 1024K, 15 young (15360K), 6 survivors (6144K)
 Metaspace       used 145581K, capacity 151538K, committed 151836K, reserved 1181696K
  class space    used 18082K, capacity 20237K, committed 20352K, reserved 1048576K
}
Event: 6522.860 GC heap after
{Heap after GC invocations=162 (full 0):
 garbage-first heap   total 313344K, used 221461K [0x0000000080000000, 0x0000000100000000)
  region size 1024K, 2 young (2048K), 2 survivors (2048K)
 Metaspace       used 145581K, capacity 151538K, committed 151836K, reserved 1181696K
  class space    used 18082K, capacity 20237K, committed 20352K, reserved 1048576K
}
Event: 6522.972 GC heap before
{Heap before GC invocations=162 (full 0):
 garbage-first heap   total 313344K, used 254229K [0x0000000080000000, 0x0000000100000000)
  region size 1024K, 35 young (35840K), 2 survivors (2048K)
 Metaspace       used 145586K, capacity 151539K, committed 151836K, reserved 1181696K
  class space    used 18082K, capacity 20237K, committed 20352K, reserved 1048576K
}
Event: 6522.979 GC heap after
{Heap after GC invocations=163 (full 0):
 garbage-first heap   total 313344K, used 223204K [0x0000000080000000, 0x0000000100000000)
  region size 1024K, 4 young (4096K), 4 survivors (4096K)
 Metaspace       used 145586K, capacity 151539K, committed 151836K, reserved 1181696K
  class space    used 18082K, capacity 20237K, committed 20352K, reserved 1048576K
}
Event: 6523.177 GC heap before
{Heap before GC invocations=164 (full 0):
 garbage-first heap   total 313344K, used 263140K [0x0000000080000000, 0x0000000100000000)
  region size 1024K, 41 young (41984K), 4 survivors (4096K)
 Metaspace       used 145587K, capacity 151539K, committed 151836K, reserved 1181696K
  class space    used 18082K, capacity 20237K, committed 20352K, reserved 1048576K
}
Event: 6523.183 GC heap after
{Heap after GC invocations=165 (full 0):
 garbage-first heap   total 313344K, used 235738K [0x0000000080000000, 0x0000000100000000)
  region size 1024K, 6 young (6144K), 6 survivors (6144K)
 Metaspace       used 145587K, capacity 151539K, committed 151836K, reserved 1181696K
  class space    used 18082K, capacity 20237K, committed 20352K, reserved 1048576K
}
Event: 6523.203 GC heap before
{Heap before GC invocations=165 (full 0):
 garbage-first heap   total 313344K, used 244954K [0x0000000080000000, 0x0000000100000000)
  region size 1024K, 15 young (15360K), 6 survivors (6144K)
 Metaspace       used 145588K, capacity 151539K, committed 151836K, reserved 1181696K
  class space    used 18082K, capacity 20237K, committed 20352K, reserved 1048576K
}
Event: 6523.209 GC heap after
{Heap after GC invocations=166 (full 0):
 garbage-first heap   total 313344K, used 238422K [0x0000000080000000, 0x0000000100000000)
  region size 1024K, 2 young (2048K), 2 survivors (2048K)
 Metaspace       used 145588K, capacity 151539K, committed 151836K, reserved 1181696K
  class space    used 18082K, capacity 20237K, committed 20352K, reserved 1048576K
}
Event: 6523.345 GC heap before
{Heap before GC invocations=166 (full 0):
 garbage-first heap   total 313344K, used 264022K [0x0000000080000000, 0x0000000100000000)
  region size 1024K, 28 young (28672K), 2 survivors (2048K)
 Metaspace       used 145622K, capacity 151733K, committed 152092K, reserved 1181696K
  class space    used 18082K, capacity 20237K, committed 20352K, reserved 1048576K
}
Event: 6523.349 GC heap after
{Heap after GC invocations=167 (full 0):
 garbage-first heap   total 313344K, used 240422K [0x0000000080000000, 0x0000000100000000)
  region size 1024K, 4 young (4096K), 4 survivors (4096K)
 Metaspace       used 145622K, capacity 151733K, committed 152092K, reserved 1181696K
  class space    used 18082K, capacity 20237K, committed 20352K, reserved 1048576K
}
Event: 6572.819 GC heap before
{Heap before GC invocations=168 (full 0):
 garbage-first heap   total 313344K, used 313126K [0x0000000080000000, 0x0000000100000000)
  region size 1024K, 12 young (12288K), 4 survivors (4096K)
 Metaspace       used 145626K, capacity 151733K, committed 152092K, reserved 1181696K
  class space    used 18082K, capacity 20237K, committed 20352K, reserved 1048576K
}
Event: 6572.822 GC heap after
{Heap after GC invocations=169 (full 0):
 garbage-first heap   total 317440K, used 240156K [0x0000000080000000, 0x0000000100000000)
  region size 1024K, 2 young (2048K), 2 survivors (2048K)
 Metaspace       used 145626K, capacity 151733K, committed 152092K, reserved 1181696K
  class space    used 18082K, capacity 20237K, committed 20352K, reserved 1048576K
}
Event: 6594.658 GC heap before
{Heap before GC invocations=169 (full 0):
 garbage-first heap   total 317440K, used 253468K [0x0000000080000000, 0x0000000100000000)
  region size 1024K, 15 young (15360K), 2 survivors (2048K)
 Metaspace       used 145633K, capacity 151738K, committed 152092K, reserved 1181696K
  class space    used 18082K, capacity 20237K, committed 20352K, reserved 1048576K
}
Event: 6594.665 GC heap after
{Heap after GC invocations=170 (full 0):
 garbage-first heap   total 317440K, used 231429K [0x0000000080000000, 0x0000000100000000)
  region size 1024K, 2 young (2048K), 2 survivors (2048K)
 Metaspace       used 145633K, capacity 151738K, committed 152092K, reserved 1181696K
  class space    used 18082K, capacity 20237K, committed 20352K, reserved 1048576K
}
Event: 6594.806 GC heap before
{Heap before GC invocations=170 (full 0):
 garbage-first heap   total 317440K, used 260101K [0x0000000080000000, 0x0000000100000000)
  region size 1024K, 31 young (31744K), 2 survivors (2048K)
 Metaspace       used 145646K, capacity 151802K, committed 152092K, reserved 1181696K
  class space    used 18082K, capacity 20237K, committed 20352K, reserved 1048576K
}
Event: 6594.816 GC heap after
{Heap after GC invocations=171 (full 0):
 garbage-first heap   total 317440K, used 235642K [0x0000000080000000, 0x0000000100000000)
  region size 1024K, 4 young (4096K), 4 survivors (4096K)
 Metaspace       used 145646K, capacity 151802K, committed 152092K, reserved 1181696K
  class space    used 18082K, capacity 20237K, committed 20352K, reserved 1048576K
}
Event: 6594.947 GC heap before
{Heap before GC invocations=171 (full 0):
 garbage-first heap   total 317440K, used 263290K [0x0000000080000000, 0x0000000100000000)
  region size 1024K, 32 young (32768K), 4 survivors (4096K)
 Metaspace       used 145646K, capacity 151802K, committed 152092K, reserved 1181696K
  class space    used 18082K, capacity 20237K, committed 20352K, reserved 1048576K
}
Event: 6594.954 GC heap after
{Heap after GC invocations=172 (full 0):
 garbage-first heap   total 317440K, used 238030K [0x0000000080000000, 0x0000000100000000)
  region size 1024K, 3 young (3072K), 3 survivors (3072K)
 Metaspace       used 145646K, capacity 151802K, committed 152092K, reserved 1181696K
  class space    used 18082K, capacity 20237K, committed 20352K, reserved 1048576K
}
Event: 6603.501 GC heap before
{Heap before GC invocations=173 (full 0):
 garbage-first heap   total 317440K, used 265678K [0x0000000080000000, 0x0000000100000000)
  region size 1024K, 31 young (31744K), 3 survivors (3072K)
 Metaspace       used 145809K, capacity 151992K, committed 152092K, reserved 1181696K
  class space    used 18104K, capacity 20277K, committed 20352K, reserved 1048576K
}
Event: 6603.506 GC heap after
{Heap after GC invocations=174 (full 0):
 garbage-first heap   total 317440K, used 240339K [0x0000000080000000, 0x0000000100000000)
  region size 1024K, 4 young (4096K), 4 survivors (4096K)
 Metaspace       used 145809K, capacity 151992K, committed 152092K, reserved 1181696K
  class space    used 18104K, capacity 20277K, committed 20352K, reserved 1048576K
}

Deoptimization events (20 events):
Event: 6603.525 Thread 0x000001cf52b16000 Uncommon trap: trap_request=0xffffff4d fr.pc=0x000001cf3a2df584 relative=0x0000000000000144
Event: 6603.525 Thread 0x000001cf52b16000 Uncommon trap: reason=unstable_if action=reinterpret pc=0x000001cf3a2df584 method=java.util.regex.Pattern$Branch.match(Ljava/util/regex/Matcher;ILjava/lang/CharSequence;)Z @ 35 c2
Event: 6603.525 Thread 0x000001cf52b16000 DEOPT PACKING pc=0x000001cf3a2df584 sp=0x00000042687fd8f0
Event: 6603.525 Thread 0x000001cf52b16000 DEOPT UNPACKING pc=0x000001cf318d85af sp=0x00000042687fd888 mode 2
Event: 6603.526 Thread 0x000001cf4e6af800 Uncommon trap: trap_request=0xffffffde fr.pc=0x000001cf393c6fe4 relative=0x00000000000001c4
Event: 6603.526 Thread 0x000001cf4e6af800 Uncommon trap: reason=class_check action=maybe_recompile pc=0x000001cf393c6fe4 method=java.lang.String.equals(Ljava/lang/Object;)Z @ 8 c2
Event: 6603.526 Thread 0x000001cf4e6af800 DEOPT PACKING pc=0x000001cf393c6fe4 sp=0x0000004266cfc580
Event: 6603.526 Thread 0x000001cf4e6af800 DEOPT UNPACKING pc=0x000001cf318d85af sp=0x0000004266cfc528 mode 2
Event: 6603.526 Thread 0x000001cf4e6af800 Uncommon trap: trap_request=0xffffffde fr.pc=0x000001cf393c6fe4 relative=0x00000000000001c4
Event: 6603.526 Thread 0x000001cf4e6af800 Uncommon trap: reason=class_check action=maybe_recompile pc=0x000001cf393c6fe4 method=java.lang.String.equals(Ljava/lang/Object;)Z @ 8 c2
Event: 6603.526 Thread 0x000001cf4e6af800 DEOPT PACKING pc=0x000001cf393c6fe4 sp=0x0000004266cfc580
Event: 6603.526 Thread 0x000001cf4e6af800 DEOPT UNPACKING pc=0x000001cf318d85af sp=0x0000004266cfc528 mode 2
Event: 6603.526 Thread 0x000001cf4e6af800 Uncommon trap: trap_request=0xffffffde fr.pc=0x000001cf393c6fe4 relative=0x00000000000001c4
Event: 6603.526 Thread 0x000001cf4e6af800 Uncommon trap: reason=class_check action=maybe_recompile pc=0x000001cf393c6fe4 method=java.lang.String.equals(Ljava/lang/Object;)Z @ 8 c2
Event: 6603.526 Thread 0x000001cf4e6af800 DEOPT PACKING pc=0x000001cf393c6fe4 sp=0x0000004266cfc580
Event: 6603.526 Thread 0x000001cf4e6af800 DEOPT UNPACKING pc=0x000001cf318d85af sp=0x0000004266cfc528 mode 2
Event: 6603.526 Thread 0x000001cf4e6af800 Uncommon trap: trap_request=0xffffffde fr.pc=0x000001cf393c6fe4 relative=0x00000000000001c4
Event: 6603.526 Thread 0x000001cf4e6af800 Uncommon trap: reason=class_check action=maybe_recompile pc=0x000001cf393c6fe4 method=java.lang.String.equals(Ljava/lang/Object;)Z @ 8 c2
Event: 6603.526 Thread 0x000001cf4e6af800 DEOPT PACKING pc=0x000001cf393c6fe4 sp=0x0000004266cfc580
Event: 6603.526 Thread 0x000001cf4e6af800 DEOPT UNPACKING pc=0x000001cf318d85af sp=0x0000004266cfc528 mode 2

Classes redefined (0 events):
No events

Internal exceptions (20 events):
Event: 6594.691 Thread 0x000001cf4e6af800 Exception <a 'sun/nio/fs/WindowsException'{0x0000000092827878}> (0x0000000092827878) thrown at [src/hotspot/share/prims/jni.cpp, line 617]
Event: 6594.718 Thread 0x000001cf4e6af800 Exception <a 'java/lang/NoClassDefFoundError'{0x0000000092490e28}: org/jetbrains/kotlin/gradle/plugin/KotlinBasePluginWrapper> (0x0000000092490e28) thrown at [src/hotspot/share/oops/constantPool.cpp, line 775]
Event: 6594.728 Thread 0x000001cf4e6af800 Exception <a 'sun/nio/fs/WindowsException'{0x000000009202cee8}> (0x000000009202cee8) thrown at [src/hotspot/share/prims/jni.cpp, line 617]
Event: 6594.732 Thread 0x000001cf4e6af800 Exception <a 'sun/nio/fs/WindowsException'{0x00000000920cf888}> (0x00000000920cf888) thrown at [src/hotspot/share/prims/jni.cpp, line 617]
Event: 6594.732 Thread 0x000001cf4e6af800 Exception <a 'sun/nio/fs/WindowsException'{0x00000000920d0ad0}> (0x00000000920d0ad0) thrown at [src/hotspot/share/prims/jni.cpp, line 617]
Event: 6594.732 Thread 0x000001cf4e6af800 Exception <a 'sun/nio/fs/WindowsException'{0x00000000920d1d68}> (0x00000000920d1d68) thrown at [src/hotspot/share/prims/jni.cpp, line 617]
Event: 6594.732 Thread 0x000001cf4e6af800 Exception <a 'sun/nio/fs/WindowsException'{0x00000000920d3000}> (0x00000000920d3000) thrown at [src/hotspot/share/prims/jni.cpp, line 617]
Event: 6594.889 Thread 0x000001cf50985800 Implicit null exception at 0x000001cf39e9230f to 0x000001cf39e92b50
Event: 6594.990 Thread 0x000001cf4e6af800 Exception <a 'sun/nio/fs/WindowsException'{0x00000000929ebb20}> (0x00000000929ebb20) thrown at [src/hotspot/share/prims/jni.cpp, line 617]
Event: 6594.990 Thread 0x000001cf4e6af800 Exception <a 'sun/nio/fs/WindowsException'{0x00000000929ebba8}> (0x00000000929ebba8) thrown at [src/hotspot/share/prims/jni.cpp, line 617]
Event: 6594.990 Thread 0x000001cf4e6af800 Exception <a 'sun/nio/fs/WindowsException'{0x00000000929ed510}> (0x00000000929ed510) thrown at [src/hotspot/share/prims/jni.cpp, line 617]
Event: 6603.481 Thread 0x000001cf4e6af800 Exception <a 'java/lang/OutOfMemoryError'{0x00000000909dbeb8}: unable to create native thread: possibly out of memory or process/resource limits reached> (0x00000000909dbeb8) thrown at [src/hotspot/share/prims/jvm.cpp, line 2924]
Event: 6603.481 Thread 0x000001cf52b1a800 StackOverflowError at 0x000001cf394bb240
Event: 6603.481 Thread 0x000001cf52b1a800 Exception <a 'java/lang/StackOverflowError'{0x0000000090811740}> (0x0000000090811740) thrown at [src/hotspot/share/runtime/sharedRuntime.cpp, line 606]
Event: 6603.482 Thread 0x000001cf52b14000 StackOverflowError at 0x000001cf39adec00
Event: 6603.482 Thread 0x000001cf52b14000 Exception <a 'java/lang/StackOverflowError'{0x0000000090801760}> (0x0000000090801760) thrown at [src/hotspot/share/runtime/sharedRuntime.cpp, line 606]
Event: 6603.482 Thread 0x000001cf52b16000 Implicit null exception at 0x000001cf3ac1f070 to 0x000001cf3ac1f658
Event: 6603.482 Thread 0x000001cf52b16000 Implicit null exception at 0x000001cf3a5ccec0 to 0x000001cf3a5cd038
Event: 6603.486 Thread 0x000001cf50980800 Exception <a 'java/lang/NoSuchMethodError'{0x000000009074d7b0}: <clinit>> (0x000000009074d7b0) thrown at [src/hotspot/share/prims/jni.cpp, line 1367]
Event: 6603.486 Thread 0x000001cf50980800 Exception <a 'java/lang/NoSuchMethodError'{0x0000000090760248}: <clinit>> (0x0000000090760248) thrown at [src/hotspot/share/prims/jni.cpp, line 1367]

Events (20 events):
Event: 6603.533 Thread 0x000001cf50988800 Thread exited: 0x000001cf50988800
Event: 6603.534 loading class org/apache/http/config/Lookup
Event: 6603.534 loading class org/apache/http/config/Lookup done
Event: 6603.534 loading class org/apache/http/impl/execchain/ClientExecChain
Event: 6603.534 loading class org/apache/http/impl/execchain/ClientExecChain done
Event: 6603.534 Thread 0x000001cf52b1a800 Thread exited: 0x000001cf52b1a800
Event: 6603.534 loading class org/apache/http/client/HttpRequestRetryHandler
Event: 6603.534 loading class org/apache/http/client/HttpRequestRetryHandler done
Event: 6603.534 loading class org/apache/http/conn/SchemePortResolver
Event: 6603.534 loading class org/apache/http/conn/SchemePortResolver done
Event: 6603.534 loading class org/apache/http/conn/routing/HttpRoutePlanner
Event: 6603.534 loading class org/apache/http/conn/routing/HttpRoutePlanner done
Event: 6603.535 loading class org/apache/http/client/RedirectStrategy
Event: 6603.535 loading class org/apache/http/client/RedirectStrategy done
Event: 6603.535 loading class org/apache/http/client/CookieStore
Event: 6603.535 loading class org/apache/http/client/CookieStore done
Event: 6603.535 loading class org/apache/http/client/CredentialsProvider
Event: 6603.535 loading class org/apache/http/client/CredentialsProvider done
Event: 6603.535 loading class org/apache/http/impl/client/CloseableHttpClient
Event: 6603.535 loading class org/apache/http/impl/client/CloseableHttpClient done


Dynamic libraries:
0x00007ff6069a0000 - 0x00007ff6069aa000 	C:\Program Files\Android\Android Studio\jbr\bin\java.exe
0x00007ffeb7cb0000 - 0x00007ffeb7ea8000 	C:\Windows\SYSTEM32\ntdll.dll
0x00007ffe7f5d0000 - 0x00007ffe7f5e9000 	C:\Program Files\Avast Software\Avast\aswhook.dll
0x00007ffeb6520000 - 0x00007ffeb65df000 	C:\Windows\System32\KERNEL32.DLL
0x00007ffeb57f0000 - 0x00007ffeb5aca000 	C:\Windows\System32\KERNELBASE.dll
0x00007ffeb56c0000 - 0x00007ffeb57c0000 	C:\Windows\System32\ucrtbase.dll
0x00007ffe8ba80000 - 0x00007ffe8ba9b000 	C:\Program Files\Android\Android Studio\jbr\bin\VCRUNTIME140.dll
0x00007ffe8ba60000 - 0x00007ffe8ba77000 	C:\Program Files\Android\Android Studio\jbr\bin\jli.dll
0x00007ffeb7350000 - 0x00007ffeb74ed000 	C:\Windows\System32\USER32.dll
0x00007ffeb57c0000 - 0x00007ffeb57e2000 	C:\Windows\System32\win32u.dll
0x00007ffeb6da0000 - 0x00007ffeb6dcb000 	C:\Windows\System32\GDI32.dll
0x00007ffe98330000 - 0x00007ffe985ca000 	C:\Windows\WinSxS\amd64_microsoft.windows.common-controls_6595b64144ccf1df_6.0.19041.1110_none_60b5254171f9507e\COMCTL32.dll
0x00007ffeb5bd0000 - 0x00007ffeb5ce0000 	C:\Windows\System32\gdi32full.dll
0x00007ffeb6fc0000 - 0x00007ffeb705e000 	C:\Windows\System32\msvcrt.dll
0x00007ffeb53c0000 - 0x00007ffeb545d000 	C:\Windows\System32\msvcp_win.dll
0x00007ffeb6f00000 - 0x00007ffeb6f30000 	C:\Windows\System32\IMM32.DLL
0x00007ffe979d0000 - 0x00007ffe979dc000 	C:\Program Files\Android\Android Studio\jbr\bin\vcruntime140_1.dll
0x00007ffe70770000 - 0x00007ffe707fd000 	C:\Program Files\Android\Android Studio\jbr\bin\msvcp140.dll
0x00007ffe66f80000 - 0x00007ffe67b3c000 	C:\Program Files\Android\Android Studio\jbr\bin\server\jvm.dll
0x00007ffeb74f0000 - 0x00007ffeb759e000 	C:\Windows\System32\ADVAPI32.dll
0x00007ffeb7bc0000 - 0x00007ffeb7c5c000 	C:\Windows\System32\sechost.dll
0x00007ffeb7170000 - 0x00007ffeb7296000 	C:\Windows\System32\RPCRT4.dll
0x00007ffeb7c60000 - 0x00007ffeb7c68000 	C:\Windows\System32\PSAPI.DLL
0x00007ffe8b7e0000 - 0x00007ffe8b807000 	C:\Windows\SYSTEM32\WINMM.dll
0x00007ffe956a0000 - 0x00007ffe956a9000 	C:\Windows\SYSTEM32\WSOCK32.dll
0x00007ffeb7080000 - 0x00007ffeb70eb000 	C:\Windows\System32\WS2_32.dll
0x00007ffeb3340000 - 0x00007ffeb334a000 	C:\Windows\SYSTEM32\VERSION.dll
0x00007ffeb3c10000 - 0x00007ffeb3c22000 	C:\Windows\SYSTEM32\kernel.appcore.dll
0x00007ffeb3420000 - 0x00007ffeb3430000 	C:\Program Files\Android\Android Studio\jbr\bin\verify.dll
0x00007ffeb2630000 - 0x00007ffeb2814000 	C:\Windows\SYSTEM32\DBGHELP.DLL
0x00007ffe9bc40000 - 0x00007ffe9bc74000 	C:\Windows\SYSTEM32\dbgcore.DLL
0x00007ffeb5630000 - 0x00007ffeb56b2000 	C:\Windows\System32\bcryptPrimitives.dll
0x00007ffe90a90000 - 0x00007ffe90ab8000 	C:\Program Files\Android\Android Studio\jbr\bin\java.dll
0x00007ffeb18d0000 - 0x00007ffeb18da000 	C:\Program Files\Android\Android Studio\jbr\bin\jimage.dll
0x00007ffe97650000 - 0x00007ffe97668000 	C:\Program Files\Android\Android Studio\jbr\bin\zip.dll
0x00007ffeb6650000 - 0x00007ffeb6d94000 	C:\Windows\System32\SHELL32.dll
0x00007ffeb3460000 - 0x00007ffeb3bf3000 	C:\Windows\SYSTEM32\windows.storage.dll
0x00007ffeb5f20000 - 0x00007ffeb6274000 	C:\Windows\System32\combase.dll
0x00007ffeb4e20000 - 0x00007ffeb4e4e000 	C:\Windows\SYSTEM32\Wldp.dll
0x00007ffeb6350000 - 0x00007ffeb63fd000 	C:\Windows\System32\SHCORE.dll
0x00007ffeb65e0000 - 0x00007ffeb6635000 	C:\Windows\System32\shlwapi.dll
0x00007ffeb5300000 - 0x00007ffeb531f000 	C:\Windows\SYSTEM32\profapi.dll
0x00007ffe95080000 - 0x00007ffe95099000 	C:\Program Files\Android\Android Studio\jbr\bin\net.dll
0x00007ffeb1470000 - 0x00007ffeb157a000 	C:\Windows\SYSTEM32\WINHTTP.dll
0x00007ffeb4b80000 - 0x00007ffeb4bea000 	C:\Windows\system32\mswsock.dll
0x00007ffe94f80000 - 0x00007ffe94f93000 	C:\Program Files\Android\Android Studio\jbr\bin\nio.dll
0x00007ffe8d330000 - 0x00007ffe8d357000 	C:\Users\Gabito\.gradle\native\e1d6ef7f7dcc3fd88c89a11ec53ec762bb8ba0a96d01ffa2cd45eb1d1d8dd5c5\windows-amd64\native-platform.dll
0x00007ffe61310000 - 0x00007ffe61454000 	C:\Users\Gabito\.gradle\native\0d407fdbe67a94daf76414ababcb853783967236a71b16ec16e742cd7a986fd3\windows-amd64\native-platform-file-events.dll
0x00007ffe9bfc0000 - 0x00007ffe9bfca000 	C:\Program Files\Android\Android Studio\jbr\bin\management.dll
0x00007ffe97c40000 - 0x00007ffe97c4b000 	C:\Program Files\Android\Android Studio\jbr\bin\management_ext.dll
0x00007ffeb4d70000 - 0x00007ffeb4d88000 	C:\Windows\SYSTEM32\CRYPTSP.dll
0x00007ffeb4430000 - 0x00007ffeb4464000 	C:\Windows\system32\rsaenh.dll
0x00007ffeb5ce0000 - 0x00007ffeb5d07000 	C:\Windows\System32\bcrypt.dll
0x00007ffeb52c0000 - 0x00007ffeb52ee000 	C:\Windows\SYSTEM32\USERENV.dll
0x00007ffeb4d90000 - 0x00007ffeb4d9c000 	C:\Windows\SYSTEM32\CRYPTBASE.dll
0x00007ffeb4820000 - 0x00007ffeb485c000 	C:\Windows\SYSTEM32\IPHLPAPI.DLL
0x00007ffeb6640000 - 0x00007ffeb6648000 	C:\Windows\System32\NSI.dll
0x00007ffea9a20000 - 0x00007ffea9a37000 	C:\Windows\SYSTEM32\dhcpcsvc6.DLL
0x00007ffeaa6f0000 - 0x00007ffeaa70d000 	C:\Windows\SYSTEM32\dhcpcsvc.DLL
0x00007ffeb4870000 - 0x00007ffeb493b000 	C:\Windows\SYSTEM32\DNSAPI.dll
0x00007ffe90860000 - 0x00007ffe90887000 	C:\Program Files\Android\Android Studio\jbr\bin\sunec.dll

dbghelp: loaded successfully - version: 4.0.5 - missing functions: none
symbol engine: initialized successfully - sym options: 0x614 - pdb path: .;C:\Program Files\Android\Android Studio\jbr\bin;C:\Windows\SYSTEM32;C:\Program Files\Avast Software\Avast;C:\Windows\WinSxS\amd64_microsoft.windows.common-controls_6595b64144ccf1df_6.0.19041.1110_none_60b5254171f9507e;C:\Program Files\Android\Android Studio\jbr\bin\server;C:\Users\Gabito\.gradle\native\e1d6ef7f7dcc3fd88c89a11ec53ec762bb8ba0a96d01ffa2cd45eb1d1d8dd5c5\windows-amd64;C:\Users\Gabito\.gradle\native\0d407fdbe67a94daf76414ababcb853783967236a71b16ec16e742cd7a986fd3\windows-amd64

VM Arguments:
jvm_args: --add-opens=java.base/java.util=ALL-UNNAMED --add-opens=java.base/java.lang=ALL-UNNAMED --add-opens=java.base/java.lang.invoke=ALL-UNNAMED --add-opens=java.base/java.util=ALL-UNNAMED --add-opens=java.prefs/java.util.prefs=ALL-UNNAMED --add-opens=java.prefs/java.util.prefs=ALL-UNNAMED --add-opens=java.base/java.nio.charset=ALL-UNNAMED --add-opens=java.base/java.net=ALL-UNNAMED --add-opens=java.base/java.util.concurrent.atomic=ALL-UNNAMED -Xmx2048m -Dfile.encoding=UTF-8 -Duser.country=US -Duser.language=en -Duser.variant 
java_command: org.gradle.launcher.daemon.bootstrap.GradleDaemon 7.5
java_class_path (initial): C:\Users\Gabito\.gradle\wrapper\dists\gradle-7.5-bin\f1w0cc9nuo0eivz97x2xlu9sv\gradle-7.5\lib\gradle-launcher-7.5.jar
Launcher Type: SUN_STANDARD

[Global flags]
     intx CICompilerCount                          = 4                                         {product} {ergonomic}
     uint ConcGCThreads                            = 2                                         {product} {ergonomic}
     uint G1ConcRefinementThreads                  = 8                                         {product} {ergonomic}
   size_t G1HeapRegionSize                         = 1048576                                   {product} {ergonomic}
    uintx GCDrainStackTargetSize                   = 64                                        {product} {ergonomic}
   size_t InitialHeapSize                          = 264241152                                 {product} {ergonomic}
   size_t MarkStackSize                            = 4194304                                   {product} {ergonomic}
   size_t MaxHeapSize                              = 2147483648                                {product} {command line}
   size_t MaxNewSize                               = 1287651328                                {product} {ergonomic}
   size_t MinHeapDeltaBytes                        = 1048576                                   {product} {ergonomic}
    uintx NonNMethodCodeHeapSize                   = 5836300                                {pd product} {ergonomic}
    uintx NonProfiledCodeHeapSize                  = 122910970                              {pd product} {ergonomic}
    uintx ProfiledCodeHeapSize                     = 122910970                              {pd product} {ergonomic}
    uintx ReservedCodeCacheSize                    = 251658240                              {pd product} {ergonomic}
     bool SegmentedCodeCache                       = true                                      {product} {ergonomic}
     bool UseCompressedClassPointers               = true                                 {lp64_product} {ergonomic}
     bool UseCompressedOops                        = true                                 {lp64_product} {ergonomic}
     bool UseG1GC                                  = true                                      {product} {ergonomic}
     bool UseLargePagesIndividualAllocation        = false                                  {pd product} {ergonomic}

Logging:
Log output configuration:
 #0: stdout all=warning uptime,level,tags
 #1: stderr all=off uptime,level,tags

Environment Variables:
JAVA_HOME=C:\Program Files\Java\jdk-15.0.2
PATH=C:\Program Files\Microsoft\jdk-11.0.16.101-hotspot\bin;C:\Program Files (x86)\NVIDIA Corporation\PhysX\Common;C:\Program Files\Common Files\Oracle\Java\javapath;C:\Program Files (x86)\Common Files\Oracle\Java\javapath;C:\Windows\system32;C:\Windows;C:\Windows\System32\Wbem;C:\Windows\System32\WindowsPowerShell\v1.0\;C:\Windows\System32\OpenSSH\;C:\Program Files (x86)\Windows Kits\8.1\Windows Performance Toolkit\;C:\Program Files\mingw-w64\x86_64-8.1.0-posix-seh-rt_v6-rev0\mingw64\bin;C:\Program Files\Git\cmd;C:\Program Files\PostgreSQL\14\bin;C:\Program Files\PostgreSQL\14\lib;C:\Program Files\MySQL\MySQL Server 8.0\bin;C:\Program Files\dotnet\;C:\Program Files (x86)\Microsoft SQL Server\160\Tools\Binn\;C:\Program Files\Microsoft SQL Server\160\Tools\Binn\;C:\Program Files\Microsoft SQL Server\Client SDK\ODBC\170\Tools\Binn\;C:\Program Files\Microsoft SQL Server\160\DTS\Binn\;C:\Users\Gabito\AppData\Local\Microsoft\WindowsApps;C:\Users\Gabito\AppData\Local\Programs\Microsoft VS Code\bin;C:\Program Files\mingw-w64\x86_64-8.1.0-posix-seh-rt_v6-rev0\mingw64\bin;C:\Maven\apache-maven-3.8.4-bin\apache-maven-3.8.4\bin;;C:\Program Files\liquibase;C:\Users\Gabito\.dotnet\tools
USERNAME=Gabito
OS=Windows_NT
PROCESSOR_IDENTIFIER=Intel64 Family 6 Model 140 Stepping 1, GenuineIntel



---------------  S Y S T E M  ---------------

OS: Windows 10 , 64 bit Build 19041 (10.0.19041.2788)
OS uptime: 1 days 13:42 hours

CPU:total 8 (initial active 8) (4 cores per cpu, 2 threads per core) family 6 model 140 stepping 1 microcode 0xa6, cmov, cx8, fxsr, mmx, sse, sse2, sse3, ssse3, sse4.1, sse4.2, popcnt, avx, avx2, aes, clmul, erms, 3dnowpref, lzcnt, ht, tsc, tscinvbit, bmi1, bmi2, adx, evex, sha, fma

Memory: 4k page, system-wide physical 16064M (810M free)
TotalPageFile size 24256M (AvailPageFile size 2M)
current process WorkingSet (physical memory assigned to process): 720M, peak: 723M
current process commit charge ("private bytes"): 802M, peak: 808M

vm_info: OpenJDK 64-Bit Server VM (11.0.15+0-b2043.56-9505619) for windows-amd64 JRE (11.0.15+0-b2043.56-9505619), built on Jan 19 2023 02:48:00 by "builduser" with unknown MS VC++:1929

END.
